# JRE version: OpenJDK Runtime Environment (8.0_402-b06) (build 1.8.0_402-402-b06)
# Java VM: OpenJDK Server VM (25.402-b06 mixed mode windows-x86 )
Heap:
 PSYoungGen      total 90112K, used 61997K [0x51c00000, 0x59340000, 0x71c00000)
  eden space 81920K, 65% used [0x51c00000,0x5508f5c8,0x56c00000)
  from space 8192K, 99% used [0x57880000,0x5807c180,0x58080000)
  to   space 12800K, 0% used [0x56c00000,0x56c00000,0x57880000)
 ParOldGen       total 49408K, used 20084K [0x11c00000, 0x14c40000, 0x51c00000)
  object space 49408K, 40% used [0x11c00000,0x12f9d230,0x14c40000)
 Metaspace       used 37228K, capacity 39094K, committed 39168K, reserved 39296K
GC Heap History (10 events):
Event: 1.140 GC heap before
{Heap before GC invocations=6 (full 1):
 PSYoungGen      total 35840K, used 2550K [0x51c00000, 0x56980000, 0x71c00000)
  eden space 33280K, 0% used [0x51c00000,0x51c00000,0x53c80000)
  from space 2560K, 99% used [0x53c80000,0x53efdac0,0x53f00000)
  to   space 6400K, 0% used [0x56340000,0x56340000,0x56980000)
 ParOldGen       total 43776K, used 11336K [0x11c00000, 0x146c0000, 0x51c00000)
  object space 43776K, 25% used [0x11c00000,0x12712388,0x146c0000)
 Metaspace       used 15815K, capacity 16383K, committed 16384K, reserved 16768K
Event: 1.161 GC heap after
Heap after GC invocations=6 (full 1):
 PSYoungGen      total 35840K, used 0K [0x51c00000, 0x56980000, 0x71c00000)
  eden space 33280K, 0% used [0x51c00000,0x51c00000,0x53c80000)
  from space 2560K, 0% used [0x53c80000,0x53c80000,0x53f00000)
  to   space 6400K, 0% used [0x56340000,0x56340000,0x56980000)
 ParOldGen       total 30976K, used 4628K [0x11c00000, 0x13a40000, 0x51c00000)
  object space 30976K, 14% used [0x11c00000,0x120850a0,0x13a40000)
 Metaspace       used 15815K, capacity 16383K, committed 16384K, reserved 16768K
}
Event: 1.561 GC heap before
{Heap before GC invocations=7 (full 1):
 PSYoungGen      total 35840K, used 33280K [0x51c00000, 0x56980000, 0x71c00000)
  eden space 33280K, 100% used [0x51c00000,0x53c80000,0x53c80000)
  from space 2560K, 0% used [0x53c80000,0x53c80000,0x53f00000)
  to   space 6400K, 0% used [0x56340000,0x56340000,0x56980000)
 ParOldGen       total 30976K, used 4628K [0x11c00000, 0x13a40000, 0x51c00000)
  object space 30976K, 14% used [0x11c00000,0x120850a0,0x13a40000)
 Metaspace       used 20454K, capacity 21194K, committed 21248K, reserved 21888K
Event: 1.569 GC heap after
Heap after GC invocations=7 (full 1):
 PSYoungGen      total 60672K, used 6298K [0x51c00000, 0x56980000, 0x71c00000)
  eden space 54272K, 0% used [0x51c00000,0x51c00000,0x55100000)
  from space 6400K, 98% used [0x56340000,0x569668a0,0x56980000)
  to   space 6912K, 0% used [0x55c00000,0x55c00000,0x562c0000)
 ParOldGen       total 30976K, used 4632K [0x11c00000, 0x13a40000, 0x51c00000)
  object space 30976K, 14% used [0x11c00000,0x120860a0,0x13a40000)
 Metaspace       used 20454K, capacity 21194K, committed 21248K, reserved 21888K
}
Event: 1.953 GC heap before
{Heap before GC invocations=8 (full 1):
 PSYoungGen      total 60672K, used 44391K [0x51c00000, 0x56980000, 0x71c00000)
  eden space 54272K, 70% used [0x51c00000,0x54133398,0x55100000)
  from space 6400K, 98% used [0x56340000,0x569668a0,0x56980000)
  to   space 6912K, 0% used [0x55c00000,0x55c00000,0x562c0000)
 ParOldGen       total 30976K, used 4632K [0x11c00000, 0x13a40000, 0x51c00000)
  object space 30976K, 14% used [0x11c00000,0x120860a0,0x13a40000)
 Metaspace       used 26082K, capacity 27280K, committed 27308K, reserved 28032K
Event: 1.958 GC heap after
Heap after GC invocations=8 (full 1):
 PSYoungGen      total 72448K, used 6906K [0x51c00000, 0x58080000, 0x71c00000)
  eden space 65536K, 0% used [0x51c00000,0x51c00000,0x55c00000)
  from space 6912K, 99% used [0x55c00000,0x562be8d8,0x562c0000)
  to   space 8192K, 0% used [0x57880000,0x57880000,0x58080000)
 ParOldGen       total 30976K, used 5440K [0x11c00000, 0x13a40000, 0x51c00000)
  object space 30976K, 17% used [0x11c00000,0x121500a8,0x13a40000)
 Metaspace       used 26082K, capacity 27280K, committed 27308K, reserved 28032K
}
Event: 1.958 GC heap before
{Heap before GC invocations=9 (full 2):
 PSYoungGen      total 72448K, used 6906K [0x51c00000, 0x58080000, 0x71c00000)
  eden space 65536K, 0% used [0x51c00000,0x51c00000,0x55c00000)
  from space 6912K, 99% used [0x55c00000,0x562be8d8,0x562c0000)
  to   space 8192K, 0% used [0x57880000,0x57880000,0x58080000)
 ParOldGen       total 30976K, used 5440K [0x11c00000, 0x13a40000, 0x51c00000)
  object space 30976K, 17% used [0x11c00000,0x121500a8,0x13a40000)
 Metaspace       used 26082K, capacity 27280K, committed 27308K, reserved 28032K
Event: 1.990 GC heap after
Heap after GC invocations=9 (full 2):
 PSYoungGen      total 72448K, used 0K [0x51c00000, 0x58080000, 0x71c00000)
  eden space 65536K, 0% used [0x51c00000,0x51c00000,0x55c00000)
  from space 6912K, 0% used [0x55c00000,0x55c00000,0x562c0000)
  to   space 8192K, 0% used [0x57880000,0x57880000,0x58080000)
 ParOldGen       total 49408K, used 11071K [0x11c00000, 0x14c40000, 0x51c00000)
  object space 49408K, 22% used [0x11c00000,0x126cfe68,0x14c40000)
 Metaspace       used 26082K, capacity 27280K, committed 27308K, reserved 28032K
}
Event: 2.617 GC heap before
{Heap before GC invocations=10 (full 2):
 PSYoungGen      total 72448K, used 65536K [0x51c00000, 0x58080000, 0x71c00000)
  eden space 65536K, 100% used [0x51c00000,0x55c00000,0x55c00000)
  from space 6912K, 0% used [0x55c00000,0x55c00000,0x562c0000)
  to   space 8192K, 0% used [0x57880000,0x57880000,0x58080000)
 ParOldGen       total 49408K, used 11071K [0x11c00000, 0x14c40000, 0x51c00000)
  object space 49408K, 22% used [0x11c00000,0x126cfe68,0x14c40000)
 Metaspace       used 31962K, capacity 33469K, committed 33536K, reserved 34176K
Event: 2.632 GC heap after
Heap after GC invocations=10 (full 2):
 PSYoungGen      total 90112K, used 8176K [0x51c00000, 0x59340000, 0x71c00000)
  eden space 81920K, 0% used [0x51c00000,0x51c00000,0x56c00000)
  from space 8192K, 99% used [0x57880000,0x5807c180,0x58080000)
  to   space 12800K, 0% used [0x56c00000,0x56c00000,0x57880000)
 ParOldGen       total 49408K, used 20084K [0x11c00000, 0x14c40000, 0x51c00000)
  object space 49408K, 40% used [0x11c00000,0x12f9d230,0x14c40000)
 Metaspace       used 31962K, capacity 33469K, committed 33536K, reserved 34176K
}

