# JRE version: OpenJDK Runtime Environment (8.0_402-b06) (build 1.8.0_402-402-b06)
# Java VM: OpenJDK Server VM (25.402-b06 mixed mode windows-x86 )
Heap:
 PSYoungGen      total 85760K, used 63554K [0x52400000, 0x596c0000, 0x72400000)
  eden space 77824K, 71% used [0x52400000,0x55a53a88,0x57000000)
  from space 7936K, 99% used [0x57c80000,0x5843d010,0x58440000)
  to   space 12800K, 0% used [0x57000000,0x57000000,0x57c80000)
 ParOldGen       total 51456K, used 20091K [0x12400000, 0x15640000, 0x52400000)
  object space 51456K, 39% used [0x12400000,0x1379ee18,0x15640000)
 Metaspace       used 37260K, capacity 39124K, committed 39168K, reserved 39296K
GC Heap History (10 events):
Event: 1.318 GC heap before
{Heap before GC invocations=6 (full 1):
 PSYoungGen      total 35840K, used 2559K [0x52400000, 0x57180000, 0x72400000)
  eden space 33280K, 0% used [0x52400000,0x52400000,0x54480000)
  from space 2560K, 99% used [0x54480000,0x546ffd58,0x54700000)
  to   space 6400K, 0% used [0x56b40000,0x56b40000,0x57180000)
 ParOldGen       total 43776K, used 12239K [0x12400000, 0x14ec0000, 0x52400000)
  object space 43776K, 27% used [0x12400000,0x12ff3ed0,0x14ec0000)
 Metaspace       used 15806K, capacity 16357K, committed 16384K, reserved 16768K
Event: 1.340 GC heap after
Heap after GC invocations=6 (full 1):
 PSYoungGen      total 35840K, used 0K [0x52400000, 0x57180000, 0x72400000)
  eden space 33280K, 0% used [0x52400000,0x52400000,0x54480000)
  from space 2560K, 0% used [0x54480000,0x54480000,0x54700000)
  to   space 6400K, 0% used [0x56b40000,0x56b40000,0x57180000)
 ParOldGen       total 31488K, used 4437K [0x12400000, 0x142c0000, 0x52400000)
  object space 31488K, 14% used [0x12400000,0x128555a0,0x142c0000)
 Metaspace       used 15806K, capacity 16357K, committed 16384K, reserved 16768K
}
Event: 1.846 GC heap before
{Heap before GC invocations=7 (full 1):
 PSYoungGen      total 35840K, used 33258K [0x52400000, 0x57180000, 0x72400000)
  eden space 33280K, 99% used [0x52400000,0x5447a8e0,0x54480000)
  from space 2560K, 0% used [0x54480000,0x54480000,0x54700000)
  to   space 6400K, 0% used [0x56b40000,0x56b40000,0x57180000)
 ParOldGen       total 31488K, used 4437K [0x12400000, 0x142c0000, 0x52400000)
  object space 31488K, 14% used [0x12400000,0x128555a0,0x142c0000)
 Metaspace       used 20425K, capacity 21111K, committed 21248K, reserved 21888K
Event: 1.852 GC heap after
Heap after GC invocations=7 (full 1):
 PSYoungGen      total 59136K, used 6328K [0x52400000, 0x57180000, 0x72400000)
  eden space 52736K, 0% used [0x52400000,0x52400000,0x55780000)
  from space 6400K, 98% used [0x56b40000,0x5716e358,0x57180000)
  to   space 7168K, 0% used [0x56380000,0x56380000,0x56a80000)
 ParOldGen       total 31488K, used 4441K [0x12400000, 0x142c0000, 0x52400000)
  object space 31488K, 14% used [0x12400000,0x128565a0,0x142c0000)
 Metaspace       used 20425K, capacity 21111K, committed 21248K, reserved 21888K
}
Event: 2.239 GC heap before
{Heap before GC invocations=8 (full 1):
 PSYoungGen      total 59136K, used 43016K [0x52400000, 0x57180000, 0x72400000)
  eden space 52736K, 69% used [0x52400000,0x547d3ec0,0x55780000)
  from space 6400K, 98% used [0x56b40000,0x5716e358,0x57180000)
  to   space 7168K, 0% used [0x56380000,0x56380000,0x56a80000)
 ParOldGen       total 31488K, used 4441K [0x12400000, 0x142c0000, 0x52400000)
  object space 31488K, 14% used [0x12400000,0x128565a0,0x142c0000)
 Metaspace       used 26137K, capacity 27293K, committed 27308K, reserved 28032K
Event: 2.246 GC heap after
Heap after GC invocations=8 (full 1):
 PSYoungGen      total 72192K, used 7160K [0x52400000, 0x58440000, 0x72400000)
  eden space 65024K, 0% used [0x52400000,0x52400000,0x56380000)
  from space 7168K, 99% used [0x56380000,0x56a7e0d8,0x56a80000)
  to   space 7936K, 0% used [0x57c80000,0x57c80000,0x58440000)
 ParOldGen       total 31488K, used 4468K [0x12400000, 0x142c0000, 0x52400000)
  object space 31488K, 14% used [0x12400000,0x1285d090,0x142c0000)
 Metaspace       used 26137K, capacity 27293K, committed 27308K, reserved 28032K
}
Event: 2.246 GC heap before
{Heap before GC invocations=9 (full 2):
 PSYoungGen      total 72192K, used 7160K [0x52400000, 0x58440000, 0x72400000)
  eden space 65024K, 0% used [0x52400000,0x52400000,0x56380000)
  from space 7168K, 99% used [0x56380000,0x56a7e0d8,0x56a80000)
  to   space 7936K, 0% used [0x57c80000,0x57c80000,0x58440000)
 ParOldGen       total 31488K, used 4468K [0x12400000, 0x142c0000, 0x52400000)
  object space 31488K, 14% used [0x12400000,0x1285d090,0x142c0000)
 Metaspace       used 26137K, capacity 27293K, committed 27308K, reserved 28032K
Event: 2.285 GC heap after
Heap after GC invocations=9 (full 2):
 PSYoungGen      total 72192K, used 0K [0x52400000, 0x58440000, 0x72400000)
  eden space 65024K, 0% used [0x52400000,0x52400000,0x56380000)
  from space 7168K, 0% used [0x56380000,0x56380000,0x56a80000)
  to   space 7936K, 0% used [0x57c80000,0x57c80000,0x58440000)
 ParOldGen       total 51456K, used 10538K [0x12400000, 0x15640000, 0x52400000)
  object space 51456K, 20% used [0x12400000,0x12e4aba8,0x15640000)
 Metaspace       used 26137K, capacity 27293K, committed 27308K, reserved 28032K
}
Event: 3.080 GC heap before
{Heap before GC invocations=10 (full 2):
 PSYoungGen      total 72192K, used 65024K [0x52400000, 0x58440000, 0x72400000)
  eden space 65024K, 100% used [0x52400000,0x56380000,0x56380000)
  from space 7168K, 0% used [0x56380000,0x56380000,0x56a80000)
  to   space 7936K, 0% used [0x57c80000,0x57c80000,0x58440000)
 ParOldGen       total 51456K, used 10712K [0x12400000, 0x15640000, 0x52400000)
  object space 51456K, 20% used [0x12400000,0x12e76030,0x15640000)
 Metaspace       used 31563K, capacity 33020K, committed 33024K, reserved 33152K
Event: 3.094 GC heap after
Heap after GC invocations=10 (full 2):
 PSYoungGen      total 85760K, used 7924K [0x52400000, 0x596c0000, 0x72400000)
  eden space 77824K, 0% used [0x52400000,0x52400000,0x57000000)
  from space 7936K, 99% used [0x57c80000,0x5843d010,0x58440000)
  to   space 12800K, 0% used [0x57000000,0x57000000,0x57c80000)
 ParOldGen       total 51456K, used 20091K [0x12400000, 0x15640000, 0x52400000)
  object space 51456K, 39% used [0x12400000,0x1379ee18,0x15640000)
 Metaspace       used 31563K, capacity 33020K, committed 33024K, reserved 33152K
}

