# JRE version: OpenJDK Runtime Environment (8.0_402-b06) (build 1.8.0_402-402-b06)
# Java VM: OpenJDK Server VM (25.402-b06 mixed mode windows-x86 )
Heap:
 PSYoungGen      total 91392K, used 61915K [0x51e00000, 0x592c0000, 0x71e00000)
  eden space 83456K, 64% used [0x51e00000,0x552b8b88,0x56f80000)
  from space 7936K, 99% used [0x57c00000,0x583be180,0x583c0000)
  to   space 12800K, 0% used [0x56f80000,0x56f80000,0x57c00000)
 ParOldGen       total 50432K, used 19702K [0x11e00000, 0x14f40000, 0x51e00000)
  object space 50432K, 39% used [0x11e00000,0x1313dbe0,0x14f40000)
 Metaspace       used 37258K, capacity 39120K, committed 39168K, reserved 39296K
GC Heap History (10 events):
Event: 1.243 GC heap before
{Heap before GC invocations=6 (full 1):
 PSYoungGen      total 35840K, used 2557K [0x51e00000, 0x56c00000, 0x71e00000)
  eden space 33280K, 0% used [0x51e00000,0x51e00000,0x53e80000)
  from space 2560K, 99% used [0x53e80000,0x540ff568,0x54100000)
  to   space 6656K, 0% used [0x56580000,0x56580000,0x56c00000)
 ParOldGen       total 43776K, used 11825K [0x11e00000, 0x148c0000, 0x51e00000)
  object space 43776K, 27% used [0x11e00000,0x1298c6f0,0x148c0000)
 Metaspace       used 15803K, capacity 16368K, committed 16384K, reserved 16768K
Event: 1.262 GC heap after
Heap after GC invocations=6 (full 1):
 PSYoungGen      total 35840K, used 0K [0x51e00000, 0x56c00000, 0x71e00000)
  eden space 33280K, 0% used [0x51e00000,0x51e00000,0x53e80000)
  from space 2560K, 0% used [0x53e80000,0x53e80000,0x54100000)
  to   space 6656K, 0% used [0x56580000,0x56580000,0x56c00000)
 ParOldGen       total 31488K, used 4542K [0x11e00000, 0x13cc0000, 0x51e00000)
  object space 31488K, 14% used [0x11e00000,0x1226f860,0x13cc0000)
 Metaspace       used 15803K, capacity 16368K, committed 16384K, reserved 16768K
}
Event: 1.604 GC heap before
{Heap before GC invocations=7 (full 1):
 PSYoungGen      total 35840K, used 33280K [0x51e00000, 0x56c00000, 0x71e00000)
  eden space 33280K, 100% used [0x51e00000,0x53e80000,0x53e80000)
  from space 2560K, 0% used [0x53e80000,0x53e80000,0x54100000)
  to   space 6656K, 0% used [0x56580000,0x56580000,0x56c00000)
 ParOldGen       total 31488K, used 4549K [0x11e00000, 0x13cc0000, 0x51e00000)
  object space 31488K, 14% used [0x11e00000,0x122716d8,0x13cc0000)
 Metaspace       used 20477K, capacity 21126K, committed 21248K, reserved 21888K
Event: 1.613 GC heap after
Heap after GC invocations=7 (full 1):
 PSYoungGen      total 60928K, used 6349K [0x51e00000, 0x56bc0000, 0x71e00000)
  eden space 54528K, 0% used [0x51e00000,0x51e00000,0x55340000)
  from space 6400K, 99% used [0x56580000,0x56bb3780,0x56bc0000)
  to   space 7168K, 0% used [0x55dc0000,0x55dc0000,0x564c0000)
 ParOldGen       total 31488K, used 4553K [0x11e00000, 0x13cc0000, 0x51e00000)
  object space 31488K, 14% used [0x11e00000,0x122726d8,0x13cc0000)
 Metaspace       used 20477K, capacity 21126K, committed 21248K, reserved 21888K
}
Event: 2.011 GC heap before
{Heap before GC invocations=8 (full 1):
 PSYoungGen      total 60928K, used 41644K [0x51e00000, 0x56bc0000, 0x71e00000)
  eden space 54528K, 64% used [0x51e00000,0x54077b98,0x55340000)
  from space 6400K, 99% used [0x56580000,0x56bb3780,0x56bc0000)
  to   space 7168K, 0% used [0x55dc0000,0x55dc0000,0x564c0000)
 ParOldGen       total 31488K, used 4553K [0x11e00000, 0x13cc0000, 0x51e00000)
  object space 31488K, 14% used [0x11e00000,0x122726d8,0x13cc0000)
 Metaspace       used 26132K, capacity 27283K, committed 27308K, reserved 28032K
Event: 2.018 GC heap after
Heap after GC invocations=8 (full 1):
 PSYoungGen      total 72448K, used 7146K [0x51e00000, 0x583c0000, 0x71e00000)
  eden space 65280K, 0% used [0x51e00000,0x51e00000,0x55dc0000)
  from space 7168K, 99% used [0x55dc0000,0x564ba950,0x564c0000)
  to   space 7936K, 0% used [0x57c00000,0x57c00000,0x583c0000)
 ParOldGen       total 31488K, used 4557K [0x11e00000, 0x13cc0000, 0x51e00000)
  object space 31488K, 14% used [0x11e00000,0x122736d8,0x13cc0000)
 Metaspace       used 26132K, capacity 27283K, committed 27308K, reserved 28032K
}
Event: 2.018 GC heap before
{Heap before GC invocations=9 (full 2):
 PSYoungGen      total 72448K, used 7146K [0x51e00000, 0x583c0000, 0x71e00000)
  eden space 65280K, 0% used [0x51e00000,0x51e00000,0x55dc0000)
  from space 7168K, 99% used [0x55dc0000,0x564ba950,0x564c0000)
  to   space 7936K, 0% used [0x57c00000,0x57c00000,0x583c0000)
 ParOldGen       total 31488K, used 4557K [0x11e00000, 0x13cc0000, 0x51e00000)
  object space 31488K, 14% used [0x11e00000,0x122736d8,0x13cc0000)
 Metaspace       used 26132K, capacity 27283K, committed 27308K, reserved 28032K
Event: 2.053 GC heap after
Heap after GC invocations=9 (full 2):
 PSYoungGen      total 72448K, used 0K [0x51e00000, 0x583c0000, 0x71e00000)
  eden space 65280K, 0% used [0x51e00000,0x51e00000,0x55dc0000)
  from space 7168K, 0% used [0x55dc0000,0x55dc0000,0x564c0000)
  to   space 7936K, 0% used [0x57c00000,0x57c00000,0x583c0000)
 ParOldGen       total 50432K, used 10470K [0x11e00000, 0x14f40000, 0x51e00000)
  object space 50432K, 20% used [0x11e00000,0x12839a20,0x14f40000)
 Metaspace       used 26132K, capacity 27283K, committed 27308K, reserved 28032K
}
Event: 2.649 GC heap before
{Heap before GC invocations=10 (full 2):
 PSYoungGen      total 72448K, used 65280K [0x51e00000, 0x583c0000, 0x71e00000)
  eden space 65280K, 100% used [0x51e00000,0x55dc0000,0x55dc0000)
  from space 7168K, 0% used [0x55dc0000,0x55dc0000,0x564c0000)
  to   space 7936K, 0% used [0x57c00000,0x57c00000,0x583c0000)
 ParOldGen       total 50432K, used 10470K [0x11e00000, 0x14f40000, 0x51e00000)
  object space 50432K, 20% used [0x11e00000,0x12839a20,0x14f40000)
 Metaspace       used 31551K, capacity 33012K, committed 33024K, reserved 33152K
Event: 2.664 GC heap after
Heap after GC invocations=10 (full 2):
 PSYoungGen      total 91392K, used 7928K [0x51e00000, 0x592c0000, 0x71e00000)
  eden space 83456K, 0% used [0x51e00000,0x51e00000,0x56f80000)
  from space 7936K, 99% used [0x57c00000,0x583be180,0x583c0000)
  to   space 12800K, 0% used [0x56f80000,0x56f80000,0x57c00000)
 ParOldGen       total 50432K, used 19702K [0x11e00000, 0x14f40000, 0x51e00000)
  object space 50432K, 39% used [0x11e00000,0x1313dbe0,0x14f40000)
 Metaspace       used 31551K, capacity 33012K, committed 33024K, reserved 33152K
}

