# JRE version: OpenJDK Runtime Environment (8.0_402-b06) (build 1.8.0_402-402-b06)
# Java VM: OpenJDK Server VM (25.402-b06 mixed mode windows-x86 )
Heap:
 PSYoungGen      total 87552K, used 63643K [0x51400000, 0x589c0000, 0x71400000)
  eden space 79872K, 70% used [0x51400000,0x54aaad30,0x56200000)
  from space 7680K, 99% used [0x56e80000,0x575fc170,0x57600000)
  to   space 12800K, 0% used [0x56200000,0x56200000,0x56e80000)
 ParOldGen       total 50688K, used 19852K [0x11400000, 0x14580000, 0x51400000)
  object space 50688K, 39% used [0x11400000,0x12763380,0x14580000)
 Metaspace       used 37241K, capacity 39126K, committed 39168K, reserved 39296K
GC Heap History (10 events):
Event: 1.431 GC heap before
{Heap before GC invocations=6 (full 1):
 PSYoungGen      total 35840K, used 2550K [0x51400000, 0x56180000, 0x71400000)
  eden space 33280K, 0% used [0x51400000,0x51400000,0x53480000)
  from space 2560K, 99% used [0x53480000,0x536fd978,0x53700000)
  to   space 6400K, 0% used [0x55b40000,0x55b40000,0x56180000)
 ParOldGen       total 43776K, used 11324K [0x11400000, 0x13ec0000, 0x51400000)
  object space 43776K, 25% used [0x11400000,0x11f0f3f0,0x13ec0000)
 Metaspace       used 15822K, capacity 16368K, committed 16384K, reserved 16768K
Event: 1.453 GC heap after
Heap after GC invocations=6 (full 1):
 PSYoungGen      total 35840K, used 0K [0x51400000, 0x56180000, 0x71400000)
  eden space 33280K, 0% used [0x51400000,0x51400000,0x53480000)
  from space 2560K, 0% used [0x53480000,0x53480000,0x53700000)
  to   space 6400K, 0% used [0x55b40000,0x55b40000,0x56180000)
 ParOldGen       total 31744K, used 4618K [0x11400000, 0x13300000, 0x51400000)
  object space 31744K, 14% used [0x11400000,0x11882808,0x13300000)
 Metaspace       used 15822K, capacity 16368K, committed 16384K, reserved 16768K
}
Event: 1.839 GC heap before
{Heap before GC invocations=7 (full 1):
 PSYoungGen      total 35840K, used 33280K [0x51400000, 0x56180000, 0x71400000)
  eden space 33280K, 100% used [0x51400000,0x53480000,0x53480000)
  from space 2560K, 0% used [0x53480000,0x53480000,0x53700000)
  to   space 6400K, 0% used [0x55b40000,0x55b40000,0x56180000)
 ParOldGen       total 31744K, used 4618K [0x11400000, 0x13300000, 0x51400000)
  object space 31744K, 14% used [0x11400000,0x11882808,0x13300000)
 Metaspace       used 20505K, capacity 21180K, committed 21248K, reserved 21888K
Event: 1.848 GC heap after
Heap after GC invocations=7 (full 1):
 PSYoungGen      total 59904K, used 6326K [0x51400000, 0x56180000, 0x71400000)
  eden space 53504K, 0% used [0x51400000,0x51400000,0x54840000)
  from space 6400K, 98% used [0x55b40000,0x5616da68,0x56180000)
  to   space 7168K, 0% used [0x55380000,0x55380000,0x55a80000)
 ParOldGen       total 31744K, used 4618K [0x11400000, 0x13300000, 0x51400000)
  object space 31744K, 14% used [0x11400000,0x11882808,0x13300000)
 Metaspace       used 20505K, capacity 21180K, committed 21248K, reserved 21888K
}
Event: 2.276 GC heap before
{Heap before GC invocations=8 (full 1):
 PSYoungGen      total 59904K, used 42448K [0x51400000, 0x56180000, 0x71400000)
  eden space 53504K, 67% used [0x51400000,0x537466b8,0x54840000)
  from space 6400K, 98% used [0x55b40000,0x5616da68,0x56180000)
  to   space 7168K, 0% used [0x55380000,0x55380000,0x55a80000)
 ParOldGen       total 31744K, used 4618K [0x11400000, 0x13300000, 0x51400000)
  object space 31744K, 14% used [0x11400000,0x11882808,0x13300000)
 Metaspace       used 26159K, capacity 27293K, committed 27308K, reserved 28032K
Event: 2.283 GC heap after
Heap after GC invocations=8 (full 1):
 PSYoungGen      total 72192K, used 7063K [0x51400000, 0x57600000, 0x71400000)
  eden space 65024K, 0% used [0x51400000,0x51400000,0x55380000)
  from space 7168K, 98% used [0x55380000,0x55a65ed8,0x55a80000)
  to   space 7680K, 0% used [0x56e80000,0x56e80000,0x57600000)
 ParOldGen       total 31744K, used 4622K [0x11400000, 0x13300000, 0x51400000)
  object space 31744K, 14% used [0x11400000,0x11883808,0x13300000)
 Metaspace       used 26159K, capacity 27293K, committed 27308K, reserved 28032K
}
Event: 2.283 GC heap before
{Heap before GC invocations=9 (full 2):
 PSYoungGen      total 72192K, used 7063K [0x51400000, 0x57600000, 0x71400000)
  eden space 65024K, 0% used [0x51400000,0x51400000,0x55380000)
  from space 7168K, 98% used [0x55380000,0x55a65ed8,0x55a80000)
  to   space 7680K, 0% used [0x56e80000,0x56e80000,0x57600000)
 ParOldGen       total 31744K, used 4622K [0x11400000, 0x13300000, 0x51400000)
  object space 31744K, 14% used [0x11400000,0x11883808,0x13300000)
 Metaspace       used 26159K, capacity 27293K, committed 27308K, reserved 28032K
Event: 2.315 GC heap after
Heap after GC invocations=9 (full 2):
 PSYoungGen      total 72192K, used 0K [0x51400000, 0x57600000, 0x71400000)
  eden space 65024K, 0% used [0x51400000,0x51400000,0x55380000)
  from space 7168K, 0% used [0x55380000,0x55380000,0x55a80000)
  to   space 7680K, 0% used [0x56e80000,0x56e80000,0x57600000)
 ParOldGen       total 50688K, used 10355K [0x11400000, 0x14580000, 0x51400000)
  object space 50688K, 20% used [0x11400000,0x11e1cef0,0x14580000)
 Metaspace       used 26159K, capacity 27293K, committed 27308K, reserved 28032K
}
Event: 3.010 GC heap before
{Heap before GC invocations=10 (full 2):
 PSYoungGen      total 72192K, used 65024K [0x51400000, 0x57600000, 0x71400000)
  eden space 65024K, 100% used [0x51400000,0x55380000,0x55380000)
  from space 7168K, 0% used [0x55380000,0x55380000,0x55a80000)
  to   space 7680K, 0% used [0x56e80000,0x56e80000,0x57600000)
 ParOldGen       total 50688K, used 10355K [0x11400000, 0x14580000, 0x51400000)
  object space 50688K, 20% used [0x11400000,0x11e1cef0,0x14580000)
 Metaspace       used 31471K, capacity 32956K, committed 33024K, reserved 33152K
Event: 3.027 GC heap after
Heap after GC invocations=10 (full 2):
 PSYoungGen      total 87552K, used 7664K [0x51400000, 0x589c0000, 0x71400000)
  eden space 79872K, 0% used [0x51400000,0x51400000,0x56200000)
  from space 7680K, 99% used [0x56e80000,0x575fc170,0x57600000)
  to   space 12800K, 0% used [0x56200000,0x56200000,0x56e80000)
 ParOldGen       total 50688K, used 19852K [0x11400000, 0x14580000, 0x51400000)
  object space 50688K, 39% used [0x11400000,0x12763380,0x14580000)
 Metaspace       used 31471K, capacity 32956K, committed 33024K, reserved 33152K
}

