# JRE version: OpenJDK Runtime Environment (8.0_402-b06) (build 1.8.0_402-402-b06)
# Java VM: OpenJDK Server VM (25.402-b06 mixed mode windows-x86 )
Heap:
 PSYoungGen      total 85248K, used 70147K [0x51c00000, 0x59100000, 0x71c00000)
  eden space 77056K, 80% used [0x51c00000,0x55883070,0x56740000)
  from space 8192K, 99% used [0x57400000,0x57bfdd70,0x57c00000)
  to   space 13056K, 0% used [0x56740000,0x56740000,0x57400000)
 ParOldGen       total 51968K, used 20155K [0x11c00000, 0x14ec0000, 0x51c00000)
  object space 51968K, 38% used [0x11c00000,0x12faeea0,0x14ec0000)
 Metaspace       used 37224K, capacity 39088K, committed 39168K, reserved 39296K
GC Heap History (10 events):
Event: 1.244 GC heap before
{Heap before GC invocations=6 (full 1):
 PSYoungGen      total 35840K, used 2557K [0x51c00000, 0x56a00000, 0x71c00000)
  eden space 33280K, 0% used [0x51c00000,0x51c00000,0x53c80000)
  from space 2560K, 99% used [0x53c80000,0x53eff4e8,0x53f00000)
  to   space 6656K, 0% used [0x56380000,0x56380000,0x56a00000)
 ParOldGen       total 43776K, used 11671K [0x11c00000, 0x146c0000, 0x51c00000)
  object space 43776K, 26% used [0x11c00000,0x12765c98,0x146c0000)
 Metaspace       used 15779K, capacity 16383K, committed 16384K, reserved 16768K
Event: 1.267 GC heap after
Heap after GC invocations=6 (full 1):
 PSYoungGen      total 35840K, used 0K [0x51c00000, 0x56a00000, 0x71c00000)
  eden space 33280K, 0% used [0x51c00000,0x51c00000,0x53c80000)
  from space 2560K, 0% used [0x53c80000,0x53c80000,0x53f00000)
  to   space 6656K, 0% used [0x56380000,0x56380000,0x56a00000)
 ParOldGen       total 32000K, used 4538K [0x11c00000, 0x13b40000, 0x51c00000)
  object space 32000K, 14% used [0x11c00000,0x1206e928,0x13b40000)
 Metaspace       used 15779K, capacity 16383K, committed 16384K, reserved 16768K
}
Event: 1.663 GC heap before
{Heap before GC invocations=7 (full 1):
 PSYoungGen      total 35840K, used 33280K [0x51c00000, 0x56a00000, 0x71c00000)
  eden space 33280K, 100% used [0x51c00000,0x53c80000,0x53c80000)
  from space 2560K, 0% used [0x53c80000,0x53c80000,0x53f00000)
  to   space 6656K, 0% used [0x56380000,0x56380000,0x56a00000)
 ParOldGen       total 32000K, used 4538K [0x11c00000, 0x13b40000, 0x51c00000)
  object space 32000K, 14% used [0x11c00000,0x1206e928,0x13b40000)
 Metaspace       used 20377K, capacity 21103K, committed 21120K, reserved 21888K
Event: 1.670 GC heap after
Heap after GC invocations=7 (full 1):
 PSYoungGen      total 59136K, used 6309K [0x51c00000, 0x569c0000, 0x71c00000)
  eden space 52736K, 0% used [0x51c00000,0x51c00000,0x54f80000)
  from space 6400K, 98% used [0x56380000,0x569a9590,0x569c0000)
  to   space 7168K, 0% used [0x55bc0000,0x55bc0000,0x562c0000)
 ParOldGen       total 32000K, used 4542K [0x11c00000, 0x13b40000, 0x51c00000)
  object space 32000K, 14% used [0x11c00000,0x1206f928,0x13b40000)
 Metaspace       used 20377K, capacity 21103K, committed 21120K, reserved 21888K
}
Event: 2.072 GC heap before
{Heap before GC invocations=8 (full 1):
 PSYoungGen      total 59136K, used 44673K [0x51c00000, 0x569c0000, 0x71c00000)
  eden space 52736K, 72% used [0x51c00000,0x54177038,0x54f80000)
  from space 6400K, 98% used [0x56380000,0x569a9590,0x569c0000)
  to   space 7168K, 0% used [0x55bc0000,0x55bc0000,0x562c0000)
 ParOldGen       total 32000K, used 4542K [0x11c00000, 0x13b40000, 0x51c00000)
  object space 32000K, 14% used [0x11c00000,0x1206f928,0x13b40000)
 Metaspace       used 26070K, capacity 27283K, committed 27308K, reserved 28032K
Event: 2.078 GC heap after
Heap after GC invocations=8 (full 1):
 PSYoungGen      total 72448K, used 7152K [0x51c00000, 0x57c00000, 0x71c00000)
  eden space 65280K, 0% used [0x51c00000,0x51c00000,0x55bc0000)
  from space 7168K, 99% used [0x55bc0000,0x562bc360,0x562c0000)
  to   space 8192K, 0% used [0x57400000,0x57400000,0x57c00000)
 ParOldGen       total 32000K, used 5147K [0x11c00000, 0x13b40000, 0x51c00000)
  object space 32000K, 16% used [0x11c00000,0x12106cd8,0x13b40000)
 Metaspace       used 26070K, capacity 27283K, committed 27308K, reserved 28032K
}
Event: 2.078 GC heap before
{Heap before GC invocations=9 (full 2):
 PSYoungGen      total 72448K, used 7152K [0x51c00000, 0x57c00000, 0x71c00000)
  eden space 65280K, 0% used [0x51c00000,0x51c00000,0x55bc0000)
  from space 7168K, 99% used [0x55bc0000,0x562bc360,0x562c0000)
  to   space 8192K, 0% used [0x57400000,0x57400000,0x57c00000)
 ParOldGen       total 32000K, used 5147K [0x11c00000, 0x13b40000, 0x51c00000)
  object space 32000K, 16% used [0x11c00000,0x12106cd8,0x13b40000)
 Metaspace       used 26070K, capacity 27283K, committed 27308K, reserved 28032K
Event: 2.112 GC heap after
Heap after GC invocations=9 (full 2):
 PSYoungGen      total 72448K, used 0K [0x51c00000, 0x57c00000, 0x71c00000)
  eden space 65280K, 0% used [0x51c00000,0x51c00000,0x55bc0000)
  from space 7168K, 0% used [0x55bc0000,0x55bc0000,0x562c0000)
  to   space 8192K, 0% used [0x57400000,0x57400000,0x57c00000)
 ParOldGen       total 51968K, used 11084K [0x11c00000, 0x14ec0000, 0x51c00000)
  object space 51968K, 21% used [0x11c00000,0x126d30c0,0x14ec0000)
 Metaspace       used 26068K, capacity 27280K, committed 27308K, reserved 28032K
}
Event: 2.758 GC heap before
{Heap before GC invocations=10 (full 2):
 PSYoungGen      total 72448K, used 65280K [0x51c00000, 0x57c00000, 0x71c00000)
  eden space 65280K, 100% used [0x51c00000,0x55bc0000,0x55bc0000)
  from space 7168K, 0% used [0x55bc0000,0x55bc0000,0x562c0000)
  to   space 8192K, 0% used [0x57400000,0x57400000,0x57c00000)
 ParOldGen       total 51968K, used 11084K [0x11c00000, 0x14ec0000, 0x51c00000)
  object space 51968K, 21% used [0x11c00000,0x126d30c0,0x14ec0000)
 Metaspace       used 31738K, capacity 33219K, committed 33280K, reserved 34176K
Event: 2.774 GC heap after
Heap after GC invocations=10 (full 2):
 PSYoungGen      total 85248K, used 8183K [0x51c00000, 0x59100000, 0x71c00000)
  eden space 77056K, 0% used [0x51c00000,0x51c00000,0x56740000)
  from space 8192K, 99% used [0x57400000,0x57bfdd70,0x57c00000)
  to   space 13056K, 0% used [0x56740000,0x56740000,0x57400000)
 ParOldGen       total 51968K, used 20155K [0x11c00000, 0x14ec0000, 0x51c00000)
  object space 51968K, 38% used [0x11c00000,0x12faeea0,0x14ec0000)
 Metaspace       used 31738K, capacity 33219K, committed 33280K, reserved 34176K
}

