# JRE version: OpenJDK Runtime Environment (8.0_402-b06) (build 1.8.0_402-402-b06)
# Java VM: OpenJDK Server VM (25.402-b06 mixed mode windows-x86 )
Heap:
 PSYoungGen      total 87808K, used 65506K [0x51e00000, 0x592c0000, 0x71e00000)
  eden space 79872K, 72% used [0x51e00000,0x5563ad78,0x56c00000)
  from space 7936K, 99% used [0x578c0000,0x5807de38,0x58080000)
  to   space 13056K, 0% used [0x56c00000,0x56c00000,0x578c0000)
 ParOldGen       total 50944K, used 20388K [0x11e00000, 0x14fc0000, 0x51e00000)
  object space 50944K, 40% used [0x11e00000,0x131e9310,0x14fc0000)
 Metaspace       used 37023K, capacity 38880K, committed 38912K, reserved 39296K
GC Heap History (10 events):
Event: 1.171 GC heap before
{Heap before GC invocations=6 (full 1):
 PSYoungGen      total 35840K, used 2549K [0x51e00000, 0x56c00000, 0x71e00000)
  eden space 33280K, 0% used [0x51e00000,0x51e00000,0x53e80000)
  from space 2560K, 99% used [0x53e80000,0x540fd658,0x54100000)
  to   space 6656K, 0% used [0x56580000,0x56580000,0x56c00000)
 ParOldGen       total 43776K, used 11640K [0x11e00000, 0x148c0000, 0x51e00000)
  object space 43776K, 26% used [0x11e00000,0x1295e030,0x148c0000)
 Metaspace       used 15844K, capacity 16382K, committed 16384K, reserved 16768K
Event: 1.191 GC heap after
Heap after GC invocations=6 (full 1):
 PSYoungGen      total 35840K, used 0K [0x51e00000, 0x56c00000, 0x71e00000)
  eden space 33280K, 0% used [0x51e00000,0x51e00000,0x53e80000)
  from space 2560K, 0% used [0x53e80000,0x53e80000,0x54100000)
  to   space 6656K, 0% used [0x56580000,0x56580000,0x56c00000)
 ParOldGen       total 31488K, used 4510K [0x11e00000, 0x13cc0000, 0x51e00000)
  object space 31488K, 14% used [0x11e00000,0x12267870,0x13cc0000)
 Metaspace       used 15844K, capacity 16382K, committed 16384K, reserved 16768K
}
Event: 1.536 GC heap before
{Heap before GC invocations=7 (full 1):
 PSYoungGen      total 35840K, used 33280K [0x51e00000, 0x56c00000, 0x71e00000)
  eden space 33280K, 100% used [0x51e00000,0x53e80000,0x53e80000)
  from space 2560K, 0% used [0x53e80000,0x53e80000,0x54100000)
  to   space 6656K, 0% used [0x56580000,0x56580000,0x56c00000)
 ParOldGen       total 31488K, used 4511K [0x11e00000, 0x13cc0000, 0x51e00000)
  object space 31488K, 14% used [0x11e00000,0x12267ee8,0x13cc0000)
 Metaspace       used 20533K, capacity 21190K, committed 21248K, reserved 21888K
Event: 1.543 GC heap after
Heap after GC invocations=7 (full 1):
 PSYoungGen      total 60160K, used 6373K [0x51e00000, 0x56bc0000, 0x71e00000)
  eden space 53760K, 0% used [0x51e00000,0x51e00000,0x55280000)
  from space 6400K, 99% used [0x56580000,0x56bb9600,0x56bc0000)
  to   space 7168K, 0% used [0x55dc0000,0x55dc0000,0x564c0000)
 ParOldGen       total 31488K, used 4515K [0x11e00000, 0x13cc0000, 0x51e00000)
  object space 31488K, 14% used [0x11e00000,0x12268ee8,0x13cc0000)
 Metaspace       used 20533K, capacity 21190K, committed 21248K, reserved 21888K
}
Event: 1.935 GC heap before
{Heap before GC invocations=8 (full 1):
 PSYoungGen      total 60160K, used 43580K [0x51e00000, 0x56bc0000, 0x71e00000)
  eden space 53760K, 69% used [0x51e00000,0x54255a70,0x55280000)
  from space 6400K, 99% used [0x56580000,0x56bb9600,0x56bc0000)
  to   space 7168K, 0% used [0x55dc0000,0x55dc0000,0x564c0000)
 ParOldGen       total 31488K, used 4515K [0x11e00000, 0x13cc0000, 0x51e00000)
  object space 31488K, 14% used [0x11e00000,0x12268ee8,0x13cc0000)
 Metaspace       used 26144K, capacity 27301K, committed 27308K, reserved 28032K
Event: 1.941 GC heap after
Heap after GC invocations=8 (full 1):
 PSYoungGen      total 72448K, used 7154K [0x51e00000, 0x58080000, 0x71e00000)
  eden space 65280K, 0% used [0x51e00000,0x51e00000,0x55dc0000)
  from space 7168K, 99% used [0x55dc0000,0x564bca50,0x564c0000)
  to   space 7936K, 0% used [0x578c0000,0x578c0000,0x58080000)
 ParOldGen       total 31488K, used 4569K [0x11e00000, 0x13cc0000, 0x51e00000)
  object space 31488K, 14% used [0x11e00000,0x122767a0,0x13cc0000)
 Metaspace       used 26144K, capacity 27301K, committed 27308K, reserved 28032K
}
Event: 1.941 GC heap before
{Heap before GC invocations=9 (full 2):
 PSYoungGen      total 72448K, used 7154K [0x51e00000, 0x58080000, 0x71e00000)
  eden space 65280K, 0% used [0x51e00000,0x51e00000,0x55dc0000)
  from space 7168K, 99% used [0x55dc0000,0x564bca50,0x564c0000)
  to   space 7936K, 0% used [0x578c0000,0x578c0000,0x58080000)
 ParOldGen       total 31488K, used 4569K [0x11e00000, 0x13cc0000, 0x51e00000)
  object space 31488K, 14% used [0x11e00000,0x122767a0,0x13cc0000)
 Metaspace       used 26144K, capacity 27301K, committed 27308K, reserved 28032K
Event: 1.972 GC heap after
Heap after GC invocations=9 (full 2):
 PSYoungGen      total 72448K, used 0K [0x51e00000, 0x58080000, 0x71e00000)
  eden space 65280K, 0% used [0x51e00000,0x51e00000,0x55dc0000)
  from space 7168K, 0% used [0x55dc0000,0x55dc0000,0x564c0000)
  to   space 7936K, 0% used [0x578c0000,0x578c0000,0x58080000)
 ParOldGen       total 50944K, used 10556K [0x11e00000, 0x14fc0000, 0x51e00000)
  object space 50944K, 20% used [0x11e00000,0x1284f240,0x14fc0000)
 Metaspace       used 26144K, capacity 27301K, committed 27308K, reserved 28032K
}
Event: 2.674 GC heap before
{Heap before GC invocations=10 (full 2):
 PSYoungGen      total 72448K, used 65280K [0x51e00000, 0x58080000, 0x71e00000)
  eden space 65280K, 100% used [0x51e00000,0x55dc0000,0x55dc0000)
  from space 7168K, 0% used [0x55dc0000,0x55dc0000,0x564c0000)
  to   space 7936K, 0% used [0x578c0000,0x578c0000,0x58080000)
 ParOldGen       total 50944K, used 10556K [0x11e00000, 0x14fc0000, 0x51e00000)
  object space 50944K, 20% used [0x11e00000,0x1284f240,0x14fc0000)
 Metaspace       used 31955K, capacity 33310K, committed 33408K, reserved 34176K
Event: 2.686 GC heap after
Heap after GC invocations=10 (full 2):
 PSYoungGen      total 87808K, used 7927K [0x51e00000, 0x592c0000, 0x71e00000)
  eden space 79872K, 0% used [0x51e00000,0x51e00000,0x56c00000)
  from space 7936K, 99% used [0x578c0000,0x5807de38,0x58080000)
  to   space 13056K, 0% used [0x56c00000,0x56c00000,0x578c0000)
 ParOldGen       total 50944K, used 20388K [0x11e00000, 0x14fc0000, 0x51e00000)
  object space 50944K, 40% used [0x11e00000,0x131e9310,0x14fc0000)
 Metaspace       used 31955K, capacity 33310K, committed 33408K, reserved 34176K
}

