# JRE version: OpenJDK Runtime Environment (8.0_402-b06) (build 1.8.0_402-402-b06)
# Java VM: OpenJDK Server VM (25.402-b06 mixed mode windows-x86 )
Heap:
 PSYoungGen      total 89600K, used 64147K [0x51e00000, 0x59300000, 0x71e00000)
  eden space 81664K, 68% used [0x51e00000,0x554e5390,0x56dc0000)
  from space 7936K, 99% used [0x57a40000,0x581ff948,0x58200000)
  to   space 12800K, 0% used [0x56dc0000,0x56dc0000,0x57a40000)
 ParOldGen       total 50688K, used 19844K [0x11e00000, 0x14f80000, 0x51e00000)
  object space 50688K, 39% used [0x11e00000,0x13161288,0x14f80000)
 Metaspace       used 37244K, capacity 39122K, committed 39168K, reserved 39296K
GC Heap History (10 events):
Event: 1.495 GC heap before
{Heap before GC invocations=6 (full 1):
 PSYoungGen      total 35840K, used 2549K [0x51e00000, 0x56c00000, 0x71e00000)
  eden space 33280K, 0% used [0x51e00000,0x51e00000,0x53e80000)
  from space 2560K, 99% used [0x53e80000,0x540fd7f0,0x54100000)
  to   space 6656K, 0% used [0x56580000,0x56580000,0x56c00000)
 ParOldGen       total 43776K, used 12099K [0x11e00000, 0x148c0000, 0x51e00000)
  object space 43776K, 27% used [0x11e00000,0x129d0ca0,0x148c0000)
 Metaspace       used 15805K, capacity 16368K, committed 16384K, reserved 16768K
Event: 1.514 GC heap after
Heap after GC invocations=6 (full 1):
 PSYoungGen      total 35840K, used 0K [0x51e00000, 0x56c00000, 0x71e00000)
  eden space 33280K, 0% used [0x51e00000,0x51e00000,0x53e80000)
  from space 2560K, 0% used [0x53e80000,0x53e80000,0x54100000)
  to   space 6656K, 0% used [0x56580000,0x56580000,0x56c00000)
 ParOldGen       total 34048K, used 6788K [0x11e00000, 0x13f40000, 0x51e00000)
  object space 34048K, 19% used [0x11e00000,0x124a1038,0x13f40000)
 Metaspace       used 15805K, capacity 16368K, committed 16384K, reserved 16768K
}
Event: 1.877 GC heap before
{Heap before GC invocations=7 (full 1):
 PSYoungGen      total 35840K, used 33280K [0x51e00000, 0x56c00000, 0x71e00000)
  eden space 33280K, 100% used [0x51e00000,0x53e80000,0x53e80000)
  from space 2560K, 0% used [0x53e80000,0x53e80000,0x54100000)
  to   space 6656K, 0% used [0x56580000,0x56580000,0x56c00000)
 ParOldGen       total 34048K, used 6788K [0x11e00000, 0x13f40000, 0x51e00000)
  object space 34048K, 19% used [0x11e00000,0x124a1038,0x13f40000)
 Metaspace       used 20456K, capacity 21185K, committed 21248K, reserved 21888K
Event: 1.884 GC heap after
Heap after GC invocations=7 (full 1):
 PSYoungGen      total 60416K, used 6257K [0x51e00000, 0x56bc0000, 0x71e00000)
  eden space 54016K, 0% used [0x51e00000,0x51e00000,0x552c0000)
  from space 6400K, 97% used [0x56580000,0x56b9c428,0x56bc0000)
  to   space 7168K, 0% used [0x55dc0000,0x55dc0000,0x564c0000)
 ParOldGen       total 34048K, used 6788K [0x11e00000, 0x13f40000, 0x51e00000)
  object space 34048K, 19% used [0x11e00000,0x124a1038,0x13f40000)
 Metaspace       used 20456K, capacity 21185K, committed 21248K, reserved 21888K
}
Event: 2.275 GC heap before
{Heap before GC invocations=8 (full 1):
 PSYoungGen      total 60416K, used 42135K [0x51e00000, 0x56bc0000, 0x71e00000)
  eden space 54016K, 66% used [0x51e00000,0x54109a58,0x552c0000)
  from space 6400K, 97% used [0x56580000,0x56b9c428,0x56bc0000)
  to   space 7168K, 0% used [0x55dc0000,0x55dc0000,0x564c0000)
 ParOldGen       total 34048K, used 6788K [0x11e00000, 0x13f40000, 0x51e00000)
  object space 34048K, 19% used [0x11e00000,0x124a1038,0x13f40000)
 Metaspace       used 26154K, capacity 27279K, committed 27308K, reserved 28032K
Event: 2.281 GC heap after
Heap after GC invocations=8 (full 1):
 PSYoungGen      total 72448K, used 7158K [0x51e00000, 0x58200000, 0x71e00000)
  eden space 65280K, 0% used [0x51e00000,0x51e00000,0x55dc0000)
  from space 7168K, 99% used [0x55dc0000,0x564bd848,0x564c0000)
  to   space 7936K, 0% used [0x57a40000,0x57a40000,0x58200000)
 ParOldGen       total 34048K, used 6909K [0x11e00000, 0x13f40000, 0x51e00000)
  object space 34048K, 20% used [0x11e00000,0x124bf6a8,0x13f40000)
 Metaspace       used 26154K, capacity 27279K, committed 27308K, reserved 28032K
}
Event: 2.281 GC heap before
{Heap before GC invocations=9 (full 2):
 PSYoungGen      total 72448K, used 7158K [0x51e00000, 0x58200000, 0x71e00000)
  eden space 65280K, 0% used [0x51e00000,0x51e00000,0x55dc0000)
  from space 7168K, 99% used [0x55dc0000,0x564bd848,0x564c0000)
  to   space 7936K, 0% used [0x57a40000,0x57a40000,0x58200000)
 ParOldGen       total 34048K, used 6909K [0x11e00000, 0x13f40000, 0x51e00000)
  object space 34048K, 20% used [0x11e00000,0x124bf6a8,0x13f40000)
 Metaspace       used 26154K, capacity 27279K, committed 27308K, reserved 28032K
Event: 2.310 GC heap after
Heap after GC invocations=9 (full 2):
 PSYoungGen      total 72448K, used 0K [0x51e00000, 0x58200000, 0x71e00000)
  eden space 65280K, 0% used [0x51e00000,0x51e00000,0x55dc0000)
  from space 7168K, 0% used [0x55dc0000,0x55dc0000,0x564c0000)
  to   space 7936K, 0% used [0x57a40000,0x57a40000,0x58200000)
 ParOldGen       total 50688K, used 10678K [0x11e00000, 0x14f80000, 0x51e00000)
  object space 50688K, 21% used [0x11e00000,0x1286db08,0x14f80000)
 Metaspace       used 26154K, capacity 27279K, committed 27308K, reserved 28032K
}
Event: 2.905 GC heap before
{Heap before GC invocations=10 (full 2):
 PSYoungGen      total 72448K, used 65280K [0x51e00000, 0x58200000, 0x71e00000)
  eden space 65280K, 100% used [0x51e00000,0x55dc0000,0x55dc0000)
  from space 7168K, 0% used [0x55dc0000,0x55dc0000,0x564c0000)
  to   space 7936K, 0% used [0x57a40000,0x57a40000,0x58200000)
 ParOldGen       total 50688K, used 10678K [0x11e00000, 0x14f80000, 0x51e00000)
  object space 50688K, 21% used [0x11e00000,0x1286db08,0x14f80000)
 Metaspace       used 31461K, capacity 32989K, committed 33024K, reserved 33152K
Event: 2.918 GC heap after
Heap after GC invocations=10 (full 2):
 PSYoungGen      total 89600K, used 7934K [0x51e00000, 0x59300000, 0x71e00000)
  eden space 81664K, 0% used [0x51e00000,0x51e00000,0x56dc0000)
  from space 7936K, 99% used [0x57a40000,0x581ff948,0x58200000)
  to   space 12800K, 0% used [0x56dc0000,0x56dc0000,0x57a40000)
 ParOldGen       total 50688K, used 19844K [0x11e00000, 0x14f80000, 0x51e00000)
  object space 50688K, 39% used [0x11e00000,0x13161288,0x14f80000)
 Metaspace       used 31461K, capacity 32989K, committed 33024K, reserved 33152K
}

