# JRE version: OpenJDK Runtime Environment (8.0_402-b06) (build 1.8.0_402-402-b06)
# Java VM: OpenJDK Server VM (25.402-b06 mixed mode windows-x86 )
Heap:
 PSYoungGen      total 110336K, used 29448K [0x51c00000, 0x5d340000, 0x71c00000)
  eden space 97792K, 17% used [0x51c00000,0x52c839a8,0x57b80000)
  from space 12544K, 99% used [0x57b80000,0x587be980,0x587c0000)
  to   space 19712K, 0% used [0x5c000000,0x5c000000,0x5d340000)
 ParOldGen       total 53504K, used 17140K [0x11c00000, 0x15040000, 0x51c00000)
  object space 53504K, 32% used [0x11c00000,0x12cbd158,0x15040000)
 Metaspace       used 37195K, capacity 39062K, committed 39168K, reserved 39296K
GC Heap History (10 events):
Event: 2.175 GC heap before
{Heap before GC invocations=5 (full 1):
 PSYoungGen      total 69120K, used 2549K [0x51c00000, 0x56200000, 0x71c00000)
  eden space 66560K, 0% used [0x51c00000,0x51c00000,0x55d00000)
  from space 2560K, 99% used [0x55f80000,0x561fd720,0x56200000)
  to   space 2560K, 0% used [0x55d00000,0x55d00000,0x55f80000)
 ParOldGen       total 43776K, used 11409K [0x11c00000, 0x146c0000, 0x51c00000)
  object space 43776K, 26% used [0x11c00000,0x12724518,0x146c0000)
 Metaspace       used 15831K, capacity 16382K, committed 16384K, reserved 16768K
Event: 2.214 GC heap after
Heap after GC invocations=5 (full 1):
 PSYoungGen      total 69120K, used 0K [0x51c00000, 0x56200000, 0x71c00000)
  eden space 66560K, 0% used [0x51c00000,0x51c00000,0x55d00000)
  from space 2560K, 0% used [0x55f80000,0x55f80000,0x56200000)
  to   space 2560K, 0% used [0x55d00000,0x55d00000,0x55f80000)
 ParOldGen       total 36096K, used 4642K [0x11c00000, 0x13f40000, 0x51c00000)
  object space 36096K, 12% used [0x11c00000,0x12088908,0x13f40000)
 Metaspace       used 15831K, capacity 16382K, committed 16384K, reserved 16768K
}
Event: 3.235 GC heap before
{Heap before GC invocations=6 (full 1):
 PSYoungGen      total 69120K, used 66560K [0x51c00000, 0x56200000, 0x71c00000)
  eden space 66560K, 100% used [0x51c00000,0x55d00000,0x55d00000)
  from space 2560K, 0% used [0x55f80000,0x55f80000,0x56200000)
  to   space 2560K, 0% used [0x55d00000,0x55d00000,0x55f80000)
 ParOldGen       total 36096K, used 4642K [0x11c00000, 0x13f40000, 0x51c00000)
  object space 36096K, 12% used [0x11c00000,0x12088908,0x13f40000)
 Metaspace       used 25746K, capacity 26788K, committed 26880K, reserved 27008K
Event: 3.244 GC heap after
Heap after GC invocations=6 (full 1):
 PSYoungGen      total 69120K, used 2549K [0x51c00000, 0x59400000, 0x71c00000)
  eden space 66560K, 0% used [0x51c00000,0x51c00000,0x55d00000)
  from space 2560K, 99% used [0x55d00000,0x55f7d618,0x55f80000)
  to   space 12544K, 0% used [0x587c0000,0x587c0000,0x59400000)
 ParOldGen       total 36096K, used 13838K [0x11c00000, 0x13f40000, 0x51c00000)
  object space 36096K, 38% used [0x11c00000,0x12983ad0,0x13f40000)
 Metaspace       used 25746K, capacity 26788K, committed 26880K, reserved 27008K
}
Event: 3.296 GC heap before
{Heap before GC invocations=7 (full 1):
 PSYoungGen      total 69120K, used 6924K [0x51c00000, 0x59400000, 0x71c00000)
  eden space 66560K, 6% used [0x51c00000,0x52045cf8,0x55d00000)
  from space 2560K, 99% used [0x55d00000,0x55f7d618,0x55f80000)
  to   space 12544K, 0% used [0x587c0000,0x587c0000,0x59400000)
 ParOldGen       total 36096K, used 13838K [0x11c00000, 0x13f40000, 0x51c00000)
  object space 36096K, 38% used [0x11c00000,0x12983ad0,0x13f40000)
 Metaspace       used 26235K, capacity 27299K, committed 27308K, reserved 28032K
Event: 3.300 GC heap after
Heap after GC invocations=7 (full 1):
 PSYoungGen      total 110336K, used 2872K [0x51c00000, 0x59d40000, 0x71c00000)
  eden space 97792K, 0% used [0x51c00000,0x51c00000,0x57b80000)
  from space 12544K, 22% used [0x587c0000,0x58a8e128,0x59400000)
  to   space 12544K, 0% used [0x57b80000,0x57b80000,0x587c0000)
 ParOldGen       total 36096K, used 13838K [0x11c00000, 0x13f40000, 0x51c00000)
  object space 36096K, 38% used [0x11c00000,0x12983ad0,0x13f40000)
 Metaspace       used 26235K, capacity 27299K, committed 27308K, reserved 28032K
}
Event: 3.300 GC heap before
{Heap before GC invocations=8 (full 2):
 PSYoungGen      total 110336K, used 2872K [0x51c00000, 0x59d40000, 0x71c00000)
  eden space 97792K, 0% used [0x51c00000,0x51c00000,0x57b80000)
  from space 12544K, 22% used [0x587c0000,0x58a8e128,0x59400000)
  to   space 12544K, 0% used [0x57b80000,0x57b80000,0x587c0000)
 ParOldGen       total 36096K, used 13838K [0x11c00000, 0x13f40000, 0x51c00000)
  object space 36096K, 38% used [0x11c00000,0x12983ad0,0x13f40000)
 Metaspace       used 26235K, capacity 27299K, committed 27308K, reserved 28032K
Event: 3.329 GC heap after
Heap after GC invocations=8 (full 2):
 PSYoungGen      total 110336K, used 0K [0x51c00000, 0x59d40000, 0x71c00000)
  eden space 97792K, 0% used [0x51c00000,0x51c00000,0x57b80000)
  from space 12544K, 0% used [0x587c0000,0x587c0000,0x59400000)
  to   space 12544K, 0% used [0x57b80000,0x57b80000,0x587c0000)
 ParOldGen       total 53504K, used 7742K [0x11c00000, 0x15040000, 0x51c00000)
  object space 53504K, 14% used [0x11c00000,0x1238fa18,0x15040000)
 Metaspace       used 26235K, capacity 27299K, committed 27308K, reserved 28032K
}
Event: 4.947 GC heap before
{Heap before GC invocations=9 (full 2):
 PSYoungGen      total 110336K, used 97792K [0x51c00000, 0x59d40000, 0x71c00000)
  eden space 97792K, 100% used [0x51c00000,0x57b80000,0x57b80000)
  from space 12544K, 0% used [0x587c0000,0x587c0000,0x59400000)
  to   space 12544K, 0% used [0x57b80000,0x57b80000,0x587c0000)
 ParOldGen       total 53504K, used 7742K [0x11c00000, 0x15040000, 0x51c00000)
  object space 53504K, 14% used [0x11c00000,0x1238fa18,0x15040000)
 Metaspace       used 35986K, capacity 37765K, committed 37888K, reserved 38272K
Event: 4.964 GC heap after
Heap after GC invocations=9 (full 2):
 PSYoungGen      total 110336K, used 12538K [0x51c00000, 0x5d340000, 0x71c00000)
  eden space 97792K, 0% used [0x51c00000,0x51c00000,0x57b80000)
  from space 12544K, 99% used [0x57b80000,0x587be980,0x587c0000)
  to   space 19712K, 0% used [0x5c000000,0x5c000000,0x5d340000)
 ParOldGen       total 53504K, used 17140K [0x11c00000, 0x15040000, 0x51c00000)
  object space 53504K, 32% used [0x11c00000,0x12cbd158,0x15040000)
 Metaspace       used 35986K, capacity 37765K, committed 37888K, reserved 38272K
}

