# JRE version: OpenJDK Runtime Environment (8.0_402-b06) (build 1.8.0_402-402-b06)
# Java VM: OpenJDK Server VM (25.402-b06 mixed mode windows-x86 )
Heap:
 PSYoungGen      total 86016K, used 79881K [0x51a00000, 0x59180000, 0x71a00000)
  eden space 78080K, 92% used [0x51a00000,0x560463d8,0x56640000)
  from space 7936K, 99% used [0x572c0000,0x57a7c0e0,0x57a80000)
  to   space 12800K, 0% used [0x56640000,0x56640000,0x572c0000)
 ParOldGen       total 48384K, used 19845K [0x11a00000, 0x14940000, 0x51a00000)
  object space 48384K, 41% used [0x11a00000,0x12d617e8,0x14940000)
 Metaspace       used 37150K, capacity 39020K, committed 39040K, reserved 39296K
GC Heap History (10 events):
Event: 1.835 GC heap before
{Heap before GC invocations=6 (full 1):
 PSYoungGen      total 35840K, used 2549K [0x51a00000, 0x56780000, 0x71a00000)
  eden space 33280K, 0% used [0x51a00000,0x51a00000,0x53a80000)
  from space 2560K, 99% used [0x53a80000,0x53cfd6d0,0x53d00000)
  to   space 6400K, 0% used [0x56140000,0x56140000,0x56780000)
 ParOldGen       total 43776K, used 11365K [0x11a00000, 0x144c0000, 0x51a00000)
  object space 43776K, 25% used [0x11a00000,0x125196d0,0x144c0000)
 Metaspace       used 15787K, capacity 16355K, committed 16384K, reserved 16768K
Event: 1.857 GC heap after
Heap after GC invocations=6 (full 1):
 PSYoungGen      total 35840K, used 0K [0x51a00000, 0x56780000, 0x71a00000)
  eden space 33280K, 0% used [0x51a00000,0x51a00000,0x53a80000)
  from space 2560K, 0% used [0x53a80000,0x53a80000,0x53d00000)
  to   space 6400K, 0% used [0x56140000,0x56140000,0x56780000)
 ParOldGen       total 33536K, used 6916K [0x11a00000, 0x13ac0000, 0x51a00000)
  object space 33536K, 20% used [0x11a00000,0x120c1118,0x13ac0000)
 Metaspace       used 15787K, capacity 16355K, committed 16384K, reserved 16768K
}
Event: 3.741 GC heap before
{Heap before GC invocations=7 (full 1):
 PSYoungGen      total 35840K, used 33280K [0x51a00000, 0x56780000, 0x71a00000)
  eden space 33280K, 100% used [0x51a00000,0x53a80000,0x53a80000)
  from space 2560K, 0% used [0x53a80000,0x53a80000,0x53d00000)
  to   space 6400K, 0% used [0x56140000,0x56140000,0x56780000)
 ParOldGen       total 33536K, used 6916K [0x11a00000, 0x13ac0000, 0x51a00000)
  object space 33536K, 20% used [0x11a00000,0x120c1118,0x13ac0000)
 Metaspace       used 20601K, capacity 21190K, committed 21248K, reserved 21888K
Event: 3.751 GC heap after
Heap after GC invocations=7 (full 1):
 PSYoungGen      total 59392K, used 6394K [0x51a00000, 0x56780000, 0x71a00000)
  eden space 52992K, 0% used [0x51a00000,0x51a00000,0x54dc0000)
  from space 6400K, 99% used [0x56140000,0x5677eb88,0x56780000)
  to   space 7168K, 0% used [0x55980000,0x55980000,0x56080000)
 ParOldGen       total 33536K, used 7064K [0x11a00000, 0x13ac0000, 0x51a00000)
  object space 33536K, 21% used [0x11a00000,0x120e61d0,0x13ac0000)
 Metaspace       used 20601K, capacity 21190K, committed 21248K, reserved 21888K
}
Event: 4.388 GC heap before
{Heap before GC invocations=8 (full 1):
 PSYoungGen      total 59392K, used 42620K [0x51a00000, 0x56780000, 0x71a00000)
  eden space 52992K, 68% used [0x51a00000,0x53d60568,0x54dc0000)
  from space 6400K, 99% used [0x56140000,0x5677eb88,0x56780000)
  to   space 7168K, 0% used [0x55980000,0x55980000,0x56080000)
 ParOldGen       total 33536K, used 7064K [0x11a00000, 0x13ac0000, 0x51a00000)
  object space 33536K, 21% used [0x11a00000,0x120e61d0,0x13ac0000)
 Metaspace       used 26197K, capacity 27298K, committed 27308K, reserved 28032K
Event: 4.395 GC heap after
Heap after GC invocations=8 (full 1):
 PSYoungGen      total 72192K, used 6954K [0x51a00000, 0x57a80000, 0x71a00000)
  eden space 65024K, 0% used [0x51a00000,0x51a00000,0x55980000)
  from space 7168K, 97% used [0x55980000,0x5604ab78,0x56080000)
  to   space 7936K, 0% used [0x572c0000,0x572c0000,0x57a80000)
 ParOldGen       total 33536K, used 7068K [0x11a00000, 0x13ac0000, 0x51a00000)
  object space 33536K, 21% used [0x11a00000,0x120e71d0,0x13ac0000)
 Metaspace       used 26197K, capacity 27298K, committed 27308K, reserved 28032K
}
Event: 4.395 GC heap before
{Heap before GC invocations=9 (full 2):
 PSYoungGen      total 72192K, used 6954K [0x51a00000, 0x57a80000, 0x71a00000)
  eden space 65024K, 0% used [0x51a00000,0x51a00000,0x55980000)
  from space 7168K, 97% used [0x55980000,0x5604ab78,0x56080000)
  to   space 7936K, 0% used [0x572c0000,0x572c0000,0x57a80000)
 ParOldGen       total 33536K, used 7068K [0x11a00000, 0x13ac0000, 0x51a00000)
  object space 33536K, 21% used [0x11a00000,0x120e71d0,0x13ac0000)
 Metaspace       used 26197K, capacity 27298K, committed 27308K, reserved 28032K
Event: 4.435 GC heap after
Heap after GC invocations=9 (full 2):
 PSYoungGen      total 72192K, used 0K [0x51a00000, 0x57a80000, 0x71a00000)
  eden space 65024K, 0% used [0x51a00000,0x51a00000,0x55980000)
  from space 7168K, 0% used [0x55980000,0x55980000,0x56080000)
  to   space 7936K, 0% used [0x572c0000,0x572c0000,0x57a80000)
 ParOldGen       total 48384K, used 10246K [0x11a00000, 0x14940000, 0x51a00000)
  object space 48384K, 21% used [0x11a00000,0x12401ad0,0x14940000)
 Metaspace       used 26197K, capacity 27298K, committed 27308K, reserved 28032K
}
Event: 6.861 GC heap before
{Heap before GC invocations=10 (full 2):
 PSYoungGen      total 72192K, used 65024K [0x51a00000, 0x57a80000, 0x71a00000)
  eden space 65024K, 100% used [0x51a00000,0x55980000,0x55980000)
  from space 7168K, 0% used [0x55980000,0x55980000,0x56080000)
  to   space 7936K, 0% used [0x572c0000,0x572c0000,0x57a80000)
 ParOldGen       total 48384K, used 10246K [0x11a00000, 0x14940000, 0x51a00000)
  object space 48384K, 21% used [0x11a00000,0x12401ad0,0x14940000)
 Metaspace       used 31794K, capacity 33156K, committed 33280K, reserved 34176K
Event: 6.877 GC heap after
Heap after GC invocations=10 (full 2):
 PSYoungGen      total 86016K, used 7920K [0x51a00000, 0x59180000, 0x71a00000)
  eden space 78080K, 0% used [0x51a00000,0x51a00000,0x56640000)
  from space 7936K, 99% used [0x572c0000,0x57a7c0e0,0x57a80000)
  to   space 12800K, 0% used [0x56640000,0x56640000,0x572c0000)
 ParOldGen       total 48384K, used 19845K [0x11a00000, 0x14940000, 0x51a00000)
  object space 48384K, 41% used [0x11a00000,0x12d617e8,0x14940000)
 Metaspace       used 31794K, capacity 33156K, committed 33280K, reserved 34176K
}

