# JRE version: OpenJDK Runtime Environment (8.0_402-b06) (build 1.8.0_402-402-b06)
# Java VM: OpenJDK Server VM (25.402-b06 mixed mode windows-x86 )
Heap:
 PSYoungGen      total 87808K, used 73129K [0x52200000, 0x597c0000, 0x72200000)
  eden space 79872K, 81% used [0x52200000,0x561ab1c8,0x57000000)
  from space 7936K, 99% used [0x57c80000,0x5843f620,0x58440000)
  to   space 12800K, 0% used [0x57000000,0x57000000,0x57c80000)
 ParOldGen       total 51200K, used 19597K [0x12200000, 0x15400000, 0x52200000)
  object space 51200K, 38% used [0x12200000,0x13523578,0x15400000)
 Metaspace       used 37243K, capacity 39123K, committed 39168K, reserved 39296K
GC Heap History (10 events):
Event: 1.277 GC heap before
{Heap before GC invocations=6 (full 1):
 PSYoungGen      total 35840K, used 2544K [0x52200000, 0x57080000, 0x72200000)
  eden space 33280K, 0% used [0x52200000,0x52200000,0x54280000)
  from space 2560K, 99% used [0x54280000,0x544fc118,0x54500000)
  to   space 6912K, 0% used [0x569c0000,0x569c0000,0x57080000)
 ParOldGen       total 43776K, used 11702K [0x12200000, 0x14cc0000, 0x52200000)
  object space 43776K, 26% used [0x12200000,0x12d6da48,0x14cc0000)
 Metaspace       used 15818K, capacity 16383K, committed 16384K, reserved 16768K
Event: 1.295 GC heap after
Heap after GC invocations=6 (full 1):
 PSYoungGen      total 35840K, used 0K [0x52200000, 0x57080000, 0x72200000)
  eden space 33280K, 0% used [0x52200000,0x52200000,0x54280000)
  from space 2560K, 0% used [0x54280000,0x54280000,0x54500000)
  to   space 6912K, 0% used [0x569c0000,0x569c0000,0x57080000)
 ParOldGen       total 32256K, used 4597K [0x12200000, 0x14180000, 0x52200000)
  object space 32256K, 14% used [0x12200000,0x1267d450,0x14180000)
 Metaspace       used 15818K, capacity 16383K, committed 16384K, reserved 16768K
}
Event: 1.686 GC heap before
{Heap before GC invocations=7 (full 1):
 PSYoungGen      total 35840K, used 33280K [0x52200000, 0x57080000, 0x72200000)
  eden space 33280K, 100% used [0x52200000,0x54280000,0x54280000)
  from space 2560K, 0% used [0x54280000,0x54280000,0x54500000)
  to   space 6912K, 0% used [0x569c0000,0x569c0000,0x57080000)
 ParOldGen       total 32256K, used 4597K [0x12200000, 0x14180000, 0x52200000)
  object space 32256K, 14% used [0x12200000,0x1267d450,0x14180000)
 Metaspace       used 20423K, capacity 21142K, committed 21248K, reserved 21888K
Event: 1.695 GC heap after
Heap after GC invocations=7 (full 1):
 PSYoungGen      total 59904K, used 6331K [0x52200000, 0x57000000, 0x72200000)
  eden space 53504K, 0% used [0x52200000,0x52200000,0x55640000)
  from space 6400K, 98% used [0x569c0000,0x56feef68,0x57000000)
  to   space 7424K, 0% used [0x56180000,0x56180000,0x568c0000)
 ParOldGen       total 32256K, used 4601K [0x12200000, 0x14180000, 0x52200000)
  object space 32256K, 14% used [0x12200000,0x1267e450,0x14180000)
 Metaspace       used 20423K, capacity 21142K, committed 21248K, reserved 21888K
}
Event: 2.116 GC heap before
{Heap before GC invocations=8 (full 1):
 PSYoungGen      total 59904K, used 41261K [0x52200000, 0x57000000, 0x72200000)
  eden space 53504K, 65% used [0x52200000,0x5441c4b8,0x55640000)
  from space 6400K, 98% used [0x569c0000,0x56feef68,0x57000000)
  to   space 7424K, 0% used [0x56180000,0x56180000,0x568c0000)
 ParOldGen       total 32256K, used 4601K [0x12200000, 0x14180000, 0x52200000)
  object space 32256K, 14% used [0x12200000,0x1267e450,0x14180000)
 Metaspace       used 26123K, capacity 27308K, committed 27308K, reserved 28032K
Event: 2.123 GC heap after
Heap after GC invocations=8 (full 1):
 PSYoungGen      total 72448K, used 7072K [0x52200000, 0x58440000, 0x72200000)
  eden space 65024K, 0% used [0x52200000,0x52200000,0x56180000)
  from space 7424K, 95% used [0x56180000,0x56868198,0x568c0000)
  to   space 7936K, 0% used [0x57c80000,0x57c80000,0x58440000)
 ParOldGen       total 32256K, used 4605K [0x12200000, 0x14180000, 0x52200000)
  object space 32256K, 14% used [0x12200000,0x1267f450,0x14180000)
 Metaspace       used 26123K, capacity 27308K, committed 27308K, reserved 28032K
}
Event: 2.123 GC heap before
{Heap before GC invocations=9 (full 2):
 PSYoungGen      total 72448K, used 7072K [0x52200000, 0x58440000, 0x72200000)
  eden space 65024K, 0% used [0x52200000,0x52200000,0x56180000)
  from space 7424K, 95% used [0x56180000,0x56868198,0x568c0000)
  to   space 7936K, 0% used [0x57c80000,0x57c80000,0x58440000)
 ParOldGen       total 32256K, used 4605K [0x12200000, 0x14180000, 0x52200000)
  object space 32256K, 14% used [0x12200000,0x1267f450,0x14180000)
 Metaspace       used 26123K, capacity 27308K, committed 27308K, reserved 28032K
Event: 2.152 GC heap after
Heap after GC invocations=9 (full 2):
 PSYoungGen      total 72448K, used 0K [0x52200000, 0x58440000, 0x72200000)
  eden space 65024K, 0% used [0x52200000,0x52200000,0x56180000)
  from space 7424K, 0% used [0x56180000,0x56180000,0x568c0000)
  to   space 7936K, 0% used [0x57c80000,0x57c80000,0x58440000)
 ParOldGen       total 51200K, used 10447K [0x12200000, 0x15400000, 0x52200000)
  object space 51200K, 20% used [0x12200000,0x12c33e00,0x15400000)
 Metaspace       used 26123K, capacity 27308K, committed 27308K, reserved 28032K
}
Event: 2.745 GC heap before
{Heap before GC invocations=10 (full 2):
 PSYoungGen      total 72448K, used 65024K [0x52200000, 0x58440000, 0x72200000)
  eden space 65024K, 100% used [0x52200000,0x56180000,0x56180000)
  from space 7424K, 0% used [0x56180000,0x56180000,0x568c0000)
  to   space 7936K, 0% used [0x57c80000,0x57c80000,0x58440000)
 ParOldGen       total 51200K, used 10447K [0x12200000, 0x15400000, 0x52200000)
  object space 51200K, 20% used [0x12200000,0x12c33e00,0x15400000)
 Metaspace       used 31248K, capacity 32714K, committed 32768K, reserved 33152K
Event: 2.759 GC heap after
Heap after GC invocations=10 (full 2):
 PSYoungGen      total 87808K, used 7933K [0x52200000, 0x597c0000, 0x72200000)
  eden space 79872K, 0% used [0x52200000,0x52200000,0x57000000)
  from space 7936K, 99% used [0x57c80000,0x5843f620,0x58440000)
  to   space 12800K, 0% used [0x57000000,0x57000000,0x57c80000)
 ParOldGen       total 51200K, used 19597K [0x12200000, 0x15400000, 0x52200000)
  object space 51200K, 38% used [0x12200000,0x13523578,0x15400000)
 Metaspace       used 31248K, capacity 32714K, committed 32768K, reserved 33152K
}

