# JRE version: OpenJDK Runtime Environment (8.0_402-b06) (build 1.8.0_402-402-b06)
# Java VM: OpenJDK Server VM (25.402-b06 mixed mode windows-x86 )
Heap:
 PSYoungGen      total 84224K, used 78263K [0x51800000, 0x58d00000, 0x71800000)
  eden space 76032K, 92% used [0x51800000,0x55c6fa60,0x56240000)
  from space 8192K, 99% used [0x56f00000,0x576fe1a0,0x57700000)
  to   space 13056K, 0% used [0x56240000,0x56240000,0x56f00000)
 ParOldGen       total 53504K, used 19986K [0x11800000, 0x14c40000, 0x51800000)
  object space 53504K, 37% used [0x11800000,0x12b84928,0x14c40000)
 Metaspace       used 37068K, capacity 38951K, committed 39040K, reserved 39296K
GC Heap History (10 events):
Event: 1.284 GC heap before
{Heap before GC invocations=6 (full 1):
 PSYoungGen      total 35840K, used 2548K [0x51800000, 0x56680000, 0x71800000)
  eden space 33280K, 0% used [0x51800000,0x51800000,0x53880000)
  from space 2560K, 99% used [0x53880000,0x53afd380,0x53b00000)
  to   space 6912K, 0% used [0x55fc0000,0x55fc0000,0x56680000)
 ParOldGen       total 43776K, used 11729K [0x11800000, 0x142c0000, 0x51800000)
  object space 43776K, 26% used [0x11800000,0x12374720,0x142c0000)
 Metaspace       used 15822K, capacity 16368K, committed 16384K, reserved 16768K
Event: 1.306 GC heap after
Heap after GC invocations=6 (full 1):
 PSYoungGen      total 35840K, used 0K [0x51800000, 0x56680000, 0x71800000)
  eden space 33280K, 0% used [0x51800000,0x51800000,0x53880000)
  from space 2560K, 0% used [0x53880000,0x53880000,0x53b00000)
  to   space 6912K, 0% used [0x55fc0000,0x55fc0000,0x56680000)
 ParOldGen       total 37120K, used 9117K [0x11800000, 0x13c40000, 0x51800000)
  object space 37120K, 24% used [0x11800000,0x120e7630,0x13c40000)
 Metaspace       used 15822K, capacity 16368K, committed 16384K, reserved 16768K
}
Event: 1.666 GC heap before
{Heap before GC invocations=7 (full 1):
 PSYoungGen      total 35840K, used 33280K [0x51800000, 0x56680000, 0x71800000)
  eden space 33280K, 100% used [0x51800000,0x53880000,0x53880000)
  from space 2560K, 0% used [0x53880000,0x53880000,0x53b00000)
  to   space 6912K, 0% used [0x55fc0000,0x55fc0000,0x56680000)
 ParOldGen       total 37120K, used 9117K [0x11800000, 0x13c40000, 0x51800000)
  object space 37120K, 24% used [0x11800000,0x120e7630,0x13c40000)
 Metaspace       used 20407K, capacity 21115K, committed 21120K, reserved 21888K
Event: 1.673 GC heap after
Heap after GC invocations=7 (full 1):
 PSYoungGen      total 58624K, used 6265K [0x51800000, 0x56600000, 0x71800000)
  eden space 52224K, 0% used [0x51800000,0x51800000,0x54b00000)
  from space 6400K, 97% used [0x55fc0000,0x565de7c0,0x56600000)
  to   space 7168K, 0% used [0x55800000,0x55800000,0x55f00000)
 ParOldGen       total 37120K, used 9121K [0x11800000, 0x13c40000, 0x51800000)
  object space 37120K, 24% used [0x11800000,0x120e8630,0x13c40000)
 Metaspace       used 20407K, capacity 21115K, committed 21120K, reserved 21888K
}
Event: 2.081 GC heap before
{Heap before GC invocations=8 (full 1):
 PSYoungGen      total 58624K, used 43275K [0x51800000, 0x56600000, 0x71800000)
  eden space 52224K, 70% used [0x51800000,0x53c24718,0x54b00000)
  from space 6400K, 97% used [0x55fc0000,0x565de7c0,0x56600000)
  to   space 7168K, 0% used [0x55800000,0x55800000,0x55f00000)
 ParOldGen       total 37120K, used 9121K [0x11800000, 0x13c40000, 0x51800000)
  object space 37120K, 24% used [0x11800000,0x120e8630,0x13c40000)
 Metaspace       used 26082K, capacity 27277K, committed 27308K, reserved 28032K
Event: 2.087 GC heap after
Heap after GC invocations=8 (full 1):
 PSYoungGen      total 72704K, used 7158K [0x51800000, 0x57700000, 0x71800000)
  eden space 65536K, 0% used [0x51800000,0x51800000,0x55800000)
  from space 7168K, 99% used [0x55800000,0x55efdb40,0x55f00000)
  to   space 8192K, 0% used [0x56f00000,0x56f00000,0x57700000)
 ParOldGen       total 37120K, used 9392K [0x11800000, 0x13c40000, 0x51800000)
  object space 37120K, 25% used [0x11800000,0x1212c2d8,0x13c40000)
 Metaspace       used 26082K, capacity 27277K, committed 27308K, reserved 28032K
}
Event: 2.087 GC heap before
{Heap before GC invocations=9 (full 2):
 PSYoungGen      total 72704K, used 7158K [0x51800000, 0x57700000, 0x71800000)
  eden space 65536K, 0% used [0x51800000,0x51800000,0x55800000)
  from space 7168K, 99% used [0x55800000,0x55efdb40,0x55f00000)
  to   space 8192K, 0% used [0x56f00000,0x56f00000,0x57700000)
 ParOldGen       total 37120K, used 9392K [0x11800000, 0x13c40000, 0x51800000)
  object space 37120K, 25% used [0x11800000,0x1212c2d8,0x13c40000)
 Metaspace       used 26082K, capacity 27277K, committed 27308K, reserved 28032K
Event: 2.120 GC heap after
Heap after GC invocations=9 (full 2):
 PSYoungGen      total 72704K, used 0K [0x51800000, 0x57700000, 0x71800000)
  eden space 65536K, 0% used [0x51800000,0x51800000,0x55800000)
  from space 7168K, 0% used [0x55800000,0x55800000,0x55f00000)
  to   space 8192K, 0% used [0x56f00000,0x56f00000,0x57700000)
 ParOldGen       total 53504K, used 10811K [0x11800000, 0x14c40000, 0x51800000)
  object space 53504K, 20% used [0x11800000,0x1228ef88,0x14c40000)
 Metaspace       used 26082K, capacity 27277K, committed 27308K, reserved 28032K
}
Event: 2.800 GC heap before
{Heap before GC invocations=10 (full 2):
 PSYoungGen      total 72704K, used 65536K [0x51800000, 0x57700000, 0x71800000)
  eden space 65536K, 100% used [0x51800000,0x55800000,0x55800000)
  from space 7168K, 0% used [0x55800000,0x55800000,0x55f00000)
  to   space 8192K, 0% used [0x56f00000,0x56f00000,0x57700000)
 ParOldGen       total 53504K, used 10811K [0x11800000, 0x14c40000, 0x51800000)
  object space 53504K, 20% used [0x11800000,0x1228ef88,0x14c40000)
 Metaspace       used 31964K, capacity 33428K, committed 33536K, reserved 34176K
Event: 2.819 GC heap after
Heap after GC invocations=10 (full 2):
 PSYoungGen      total 84224K, used 8184K [0x51800000, 0x58d00000, 0x71800000)
  eden space 76032K, 0% used [0x51800000,0x51800000,0x56240000)
  from space 8192K, 99% used [0x56f00000,0x576fe1a0,0x57700000)
  to   space 13056K, 0% used [0x56240000,0x56240000,0x56f00000)
 ParOldGen       total 53504K, used 19986K [0x11800000, 0x14c40000, 0x51800000)
  object space 53504K, 37% used [0x11800000,0x12b84928,0x14c40000)
 Metaspace       used 31964K, capacity 33428K, committed 33536K, reserved 34176K
}

