# JRE version: OpenJDK Runtime Environment (8.0_402-b06) (build 1.8.0_402-402-b06)
# Java VM: OpenJDK Server VM (25.402-b06 mixed mode windows-x86 )
Heap:
 PSYoungGen      total 88320K, used 51240K [0x51a00000, 0x58a00000, 0x71a00000)
  eden space 80640K, 54% used [0x51a00000,0x5448d880,0x568c0000)
  from space 7680K, 99% used [0x57580000,0x57cfc8e0,0x57d00000)
  to   space 13056K, 0% used [0x568c0000,0x568c0000,0x57580000)
 ParOldGen       total 51712K, used 20919K [0x11a00000, 0x14c80000, 0x51a00000)
  object space 51712K, 40% used [0x11a00000,0x12e6df58,0x14c80000)
 Metaspace       used 37038K, capacity 38880K, committed 38912K, reserved 39296K
GC Heap History (10 events):
Event: 1.635 GC heap before
{Heap before GC invocations=6 (full 1):
 PSYoungGen      total 35840K, used 2552K [0x51a00000, 0x56780000, 0x71a00000)
  eden space 33280K, 0% used [0x51a00000,0x51a00000,0x53a80000)
  from space 2560K, 99% used [0x53a80000,0x53cfe208,0x53d00000)
  to   space 6400K, 0% used [0x56140000,0x56140000,0x56780000)
 ParOldGen       total 43776K, used 11571K [0x11a00000, 0x144c0000, 0x51a00000)
  object space 43776K, 26% used [0x11a00000,0x1254cc88,0x144c0000)
 Metaspace       used 15801K, capacity 16353K, committed 16384K, reserved 16768K
Event: 1.658 GC heap after
Heap after GC invocations=6 (full 1):
 PSYoungGen      total 35840K, used 0K [0x51a00000, 0x56780000, 0x71a00000)
  eden space 33280K, 0% used [0x51a00000,0x51a00000,0x53a80000)
  from space 2560K, 0% used [0x53a80000,0x53a80000,0x53d00000)
  to   space 6400K, 0% used [0x56140000,0x56140000,0x56780000)
 ParOldGen       total 32256K, used 5634K [0x11a00000, 0x13980000, 0x51a00000)
  object space 32256K, 17% used [0x11a00000,0x11f80b68,0x13980000)
 Metaspace       used 15801K, capacity 16353K, committed 16384K, reserved 16768K
}
Event: 2.092 GC heap before
{Heap before GC invocations=7 (full 1):
 PSYoungGen      total 35840K, used 33280K [0x51a00000, 0x56780000, 0x71a00000)
  eden space 33280K, 100% used [0x51a00000,0x53a80000,0x53a80000)
  from space 2560K, 0% used [0x53a80000,0x53a80000,0x53d00000)
  to   space 6400K, 0% used [0x56140000,0x56140000,0x56780000)
 ParOldGen       total 32256K, used 5634K [0x11a00000, 0x13980000, 0x51a00000)
  object space 32256K, 17% used [0x11a00000,0x11f80b68,0x13980000)
 Metaspace       used 20415K, capacity 21142K, committed 21248K, reserved 21888K
Event: 2.101 GC heap after
Heap after GC invocations=7 (full 1):
 PSYoungGen      total 60416K, used 6233K [0x51a00000, 0x56780000, 0x71a00000)
  eden space 54016K, 0% used [0x51a00000,0x51a00000,0x54ec0000)
  from space 6400K, 97% used [0x56140000,0x56756670,0x56780000)
  to   space 6912K, 0% used [0x55a00000,0x55a00000,0x560c0000)
 ParOldGen       total 32256K, used 5638K [0x11a00000, 0x13980000, 0x51a00000)
  object space 32256K, 17% used [0x11a00000,0x11f81b68,0x13980000)
 Metaspace       used 20415K, capacity 21142K, committed 21248K, reserved 21888K
}
Event: 2.674 GC heap before
{Heap before GC invocations=8 (full 1):
 PSYoungGen      total 60416K, used 42760K [0x51a00000, 0x56780000, 0x71a00000)
  eden space 54016K, 67% used [0x51a00000,0x53dabc20,0x54ec0000)
  from space 6400K, 97% used [0x56140000,0x56756670,0x56780000)
  to   space 6912K, 0% used [0x55a00000,0x55a00000,0x560c0000)
 ParOldGen       total 32256K, used 5638K [0x11a00000, 0x13980000, 0x51a00000)
  object space 32256K, 17% used [0x11a00000,0x11f81b68,0x13980000)
 Metaspace       used 26079K, capacity 27289K, committed 27308K, reserved 28032K
Event: 2.682 GC heap after
Heap after GC invocations=8 (full 1):
 PSYoungGen      total 72448K, used 6910K [0x51a00000, 0x57d00000, 0x71a00000)
  eden space 65536K, 0% used [0x51a00000,0x51a00000,0x55a00000)
  from space 6912K, 99% used [0x55a00000,0x560bf8c0,0x560c0000)
  to   space 7680K, 0% used [0x57580000,0x57580000,0x57d00000)
 ParOldGen       total 32256K, used 5896K [0x11a00000, 0x13980000, 0x51a00000)
  object space 32256K, 18% used [0x11a00000,0x11fc2088,0x13980000)
 Metaspace       used 26079K, capacity 27289K, committed 27308K, reserved 28032K
}
Event: 2.682 GC heap before
{Heap before GC invocations=9 (full 2):
 PSYoungGen      total 72448K, used 6910K [0x51a00000, 0x57d00000, 0x71a00000)
  eden space 65536K, 0% used [0x51a00000,0x51a00000,0x55a00000)
  from space 6912K, 99% used [0x55a00000,0x560bf8c0,0x560c0000)
  to   space 7680K, 0% used [0x57580000,0x57580000,0x57d00000)
 ParOldGen       total 32256K, used 5896K [0x11a00000, 0x13980000, 0x51a00000)
  object space 32256K, 18% used [0x11a00000,0x11fc2088,0x13980000)
 Metaspace       used 26079K, capacity 27289K, committed 27308K, reserved 28032K
Event: 2.735 GC heap after
Heap after GC invocations=9 (full 2):
 PSYoungGen      total 72448K, used 0K [0x51a00000, 0x57d00000, 0x71a00000)
  eden space 65536K, 0% used [0x51a00000,0x51a00000,0x55a00000)
  from space 6912K, 0% used [0x55a00000,0x55a00000,0x560c0000)
  to   space 7680K, 0% used [0x57580000,0x57580000,0x57d00000)
 ParOldGen       total 51712K, used 10512K [0x11a00000, 0x14c80000, 0x51a00000)
  object space 51712K, 20% used [0x11a00000,0x12444310,0x14c80000)
 Metaspace       used 26079K, capacity 27289K, committed 27308K, reserved 28032K
}
Event: 5.251 GC heap before
{Heap before GC invocations=10 (full 2):
 PSYoungGen      total 72448K, used 65536K [0x51a00000, 0x57d00000, 0x71a00000)
  eden space 65536K, 100% used [0x51a00000,0x55a00000,0x55a00000)
  from space 6912K, 0% used [0x55a00000,0x55a00000,0x560c0000)
  to   space 7680K, 0% used [0x57580000,0x57580000,0x57d00000)
 ParOldGen       total 51712K, used 10512K [0x11a00000, 0x14c80000, 0x51a00000)
  object space 51712K, 20% used [0x11a00000,0x12444310,0x14c80000)
 Metaspace       used 32113K, capacity 33499K, committed 33536K, reserved 34176K
Event: 5.270 GC heap after
Heap after GC invocations=10 (full 2):
 PSYoungGen      total 88320K, used 7666K [0x51a00000, 0x58a00000, 0x71a00000)
  eden space 80640K, 0% used [0x51a00000,0x51a00000,0x568c0000)
  from space 7680K, 99% used [0x57580000,0x57cfc8e0,0x57d00000)
  to   space 13056K, 0% used [0x568c0000,0x568c0000,0x57580000)
 ParOldGen       total 51712K, used 20919K [0x11a00000, 0x14c80000, 0x51a00000)
  object space 51712K, 40% used [0x11a00000,0x12e6df58,0x14c80000)
 Metaspace       used 32113K, capacity 33499K, committed 33536K, reserved 34176K
}

