# JRE version: OpenJDK Runtime Environment (8.0_402-b06) (build 1.8.0_402-402-b06)
# Java VM: OpenJDK Server VM (25.402-b06 mixed mode windows-x86 )
Heap:
 PSYoungGen      total 97024K, used 64990K [0x51600000, 0x58c00000, 0x71600000)
  eden space 89088K, 64% used [0x51600000,0x54dbb690,0x56d00000)
  from space 7936K, 99% used [0x57980000,0x5813c170,0x58140000)
  to   space 12800K, 0% used [0x56d00000,0x56d00000,0x57980000)
 ParOldGen       total 47872K, used 20071K [0x11600000, 0x144c0000, 0x51600000)
  object space 47872K, 41% used [0x11600000,0x12999d68,0x144c0000)
 Metaspace       used 37250K, capacity 39122K, committed 39168K, reserved 39296K
GC Heap History (10 events):
Event: 1.677 GC heap before
{Heap before GC invocations=6 (full 1):
 PSYoungGen      total 35840K, used 2559K [0x51600000, 0x56400000, 0x71600000)
  eden space 33280K, 0% used [0x51600000,0x51600000,0x53680000)
  from space 2560K, 99% used [0x53680000,0x538fff10,0x53900000)
  to   space 6656K, 0% used [0x55d80000,0x55d80000,0x56400000)
 ParOldGen       total 43776K, used 11764K [0x11600000, 0x140c0000, 0x51600000)
  object space 43776K, 26% used [0x11600000,0x1217d070,0x140c0000)
 Metaspace       used 15816K, capacity 16378K, committed 16384K, reserved 16768K
Event: 1.696 GC heap after
Heap after GC invocations=6 (full 1):
 PSYoungGen      total 35840K, used 0K [0x51600000, 0x56400000, 0x71600000)
  eden space 33280K, 0% used [0x51600000,0x51600000,0x53680000)
  from space 2560K, 0% used [0x53680000,0x53680000,0x53900000)
  to   space 6656K, 0% used [0x55d80000,0x55d80000,0x56400000)
 ParOldGen       total 30464K, used 4606K [0x11600000, 0x133c0000, 0x51600000)
  object space 30464K, 15% used [0x11600000,0x11a7fbf0,0x133c0000)
 Metaspace       used 15816K, capacity 16378K, committed 16384K, reserved 16768K
}
Event: 2.050 GC heap before
{Heap before GC invocations=7 (full 1):
 PSYoungGen      total 35840K, used 33280K [0x51600000, 0x56400000, 0x71600000)
  eden space 33280K, 100% used [0x51600000,0x53680000,0x53680000)
  from space 2560K, 0% used [0x53680000,0x53680000,0x53900000)
  to   space 6656K, 0% used [0x55d80000,0x55d80000,0x56400000)
 ParOldGen       total 30464K, used 4606K [0x11600000, 0x133c0000, 0x51600000)
  object space 30464K, 15% used [0x11600000,0x11a7fbf0,0x133c0000)
 Metaspace       used 20482K, capacity 21148K, committed 21248K, reserved 21888K
Event: 2.057 GC heap after
Heap after GC invocations=7 (full 1):
 PSYoungGen      total 62720K, used 6420K [0x51600000, 0x56400000, 0x71600000)
  eden space 56064K, 0% used [0x51600000,0x51600000,0x54cc0000)
  from space 6656K, 96% used [0x55d80000,0x563c50f8,0x56400000)
  to   space 7168K, 0% used [0x55600000,0x55600000,0x55d00000)
 ParOldGen       total 30464K, used 4606K [0x11600000, 0x133c0000, 0x51600000)
  object space 30464K, 15% used [0x11600000,0x11a7fbf0,0x133c0000)
 Metaspace       used 20482K, capacity 21148K, committed 21248K, reserved 21888K
}
Event: 2.459 GC heap before
{Heap before GC invocations=8 (full 1):
 PSYoungGen      total 62720K, used 42943K [0x51600000, 0x56400000, 0x71600000)
  eden space 56064K, 65% used [0x51600000,0x539aaea0,0x54cc0000)
  from space 6656K, 96% used [0x55d80000,0x563c50f8,0x56400000)
  to   space 7168K, 0% used [0x55600000,0x55600000,0x55d00000)
 ParOldGen       total 30464K, used 4606K [0x11600000, 0x133c0000, 0x51600000)
  object space 30464K, 15% used [0x11600000,0x11a7fbf0,0x133c0000)
 Metaspace       used 26125K, capacity 27285K, committed 27308K, reserved 28032K
Event: 2.467 GC heap after
Heap after GC invocations=8 (full 1):
 PSYoungGen      total 72704K, used 7163K [0x51600000, 0x58140000, 0x71600000)
  eden space 65536K, 0% used [0x51600000,0x51600000,0x55600000)
  from space 7168K, 99% used [0x55600000,0x55cfeec0,0x55d00000)
  to   space 7936K, 0% used [0x57980000,0x57980000,0x58140000)
 ParOldGen       total 30464K, used 4808K [0x11600000, 0x133c0000, 0x51600000)
  object space 30464K, 15% used [0x11600000,0x11ab2100,0x133c0000)
 Metaspace       used 26125K, capacity 27285K, committed 27308K, reserved 28032K
}
Event: 2.467 GC heap before
{Heap before GC invocations=9 (full 2):
 PSYoungGen      total 72704K, used 7163K [0x51600000, 0x58140000, 0x71600000)
  eden space 65536K, 0% used [0x51600000,0x51600000,0x55600000)
  from space 7168K, 99% used [0x55600000,0x55cfeec0,0x55d00000)
  to   space 7936K, 0% used [0x57980000,0x57980000,0x58140000)
 ParOldGen       total 30464K, used 4808K [0x11600000, 0x133c0000, 0x51600000)
  object space 30464K, 15% used [0x11600000,0x11ab2100,0x133c0000)
 Metaspace       used 26125K, capacity 27285K, committed 27308K, reserved 28032K
Event: 2.499 GC heap after
Heap after GC invocations=9 (full 2):
 PSYoungGen      total 72704K, used 0K [0x51600000, 0x58140000, 0x71600000)
  eden space 65536K, 0% used [0x51600000,0x51600000,0x55600000)
  from space 7168K, 0% used [0x55600000,0x55600000,0x55d00000)
  to   space 7936K, 0% used [0x57980000,0x57980000,0x58140000)
 ParOldGen       total 47872K, used 10765K [0x11600000, 0x144c0000, 0x51600000)
  object space 47872K, 22% used [0x11600000,0x12083548,0x144c0000)
 Metaspace       used 26125K, capacity 27285K, committed 27308K, reserved 28032K
}
Event: 3.274 GC heap before
{Heap before GC invocations=10 (full 2):
 PSYoungGen      total 72704K, used 65536K [0x51600000, 0x58140000, 0x71600000)
  eden space 65536K, 100% used [0x51600000,0x55600000,0x55600000)
  from space 7168K, 0% used [0x55600000,0x55600000,0x55d00000)
  to   space 7936K, 0% used [0x57980000,0x57980000,0x58140000)
 ParOldGen       total 47872K, used 10765K [0x11600000, 0x144c0000, 0x51600000)
  object space 47872K, 22% used [0x11600000,0x12083548,0x144c0000)
 Metaspace       used 31716K, capacity 33214K, committed 33280K, reserved 34176K
Event: 3.286 GC heap after
Heap after GC invocations=10 (full 2):
 PSYoungGen      total 97024K, used 7920K [0x51600000, 0x58c00000, 0x71600000)
  eden space 89088K, 0% used [0x51600000,0x51600000,0x56d00000)
  from space 7936K, 99% used [0x57980000,0x5813c170,0x58140000)
  to   space 12800K, 0% used [0x56d00000,0x56d00000,0x57980000)
 ParOldGen       total 47872K, used 20071K [0x11600000, 0x144c0000, 0x51600000)
  object space 47872K, 41% used [0x11600000,0x12999d68,0x144c0000)
 Metaspace       used 31716K, capacity 33214K, committed 33280K, reserved 34176K
}

