<?xml version='1.0' encoding='UTF-8'?>
<testsuite hostname="DESKTOP-GHBJG75" name="Test" tests="6" errors="0" failures="0" skipped="0" time="0.005" timestamp="2024-06-12T02:09:59">
          <properties>
[...]
</properties>
          <testcase classname="Test" name="test_divBy3Or7" time="0.005">
                      
                    </testcase><testcase classname="Test" name="test_sumOfDivBy3Or5" time="0.0">
                      
                    </testcase><testcase classname="Test" name="test_primeFactor" time="0.0">
                      
                    </testcase><testcase classname="Test" name="test_sumScalars" time="0.0">
                      
                    </testcase><testcase classname="Test" name="test_sumCosines" time="0.0">
                      
                    </testcase><testcase classname="Test" name="test_sortByHeavyweight" time="0.0">
                      
                    </testcase>
          <system-out><![CDATA[]]></system-out>
          <system-err><![CDATA[]]></system-err>
        </testsuite>